{"meta": {"format": 3, "version": "7.10.7", "timestamp": "2025-10-04T10:07:07.400823", "branch_coverage": true, "show_contexts": false}, "files": {"CTHarvester.py": {"executed_lines": [1, 3, 4, 7, 15, 16, 19, 20, 33, 35, 38, 62], "summary": {"covered_lines": 11, "num_statements": 25, "percent_covered": 44.0, "percent_covered_display": "44.00", "missing_lines": 14, "excluded_lines": 2, "num_branches": 0, "num_partial_branches": 0, "covered_branches": 0, "missing_branches": 0}, "missing_lines": [28, 30, 40, 41, 42, 43, 46, 50, 51, 52, 53, 56, 57, 59], "excluded_lines": [62, 63], "executed_branches": [], "missing_branches": [], "functions": {"main": {"executed_lines": [], "summary": {"covered_lines": 0, "num_statements": 12, "percent_covered": 0.0, "percent_covered_display": "0.00", "missing_lines": 12, "excluded_lines": 0, "num_branches": 0, "num_partial_branches": 0, "covered_branches": 0, "missing_branches": 0}, "missing_lines": [40, 41, 42, 43, 46, 50, 51, 52, 53, 56, 57, 59], "excluded_lines": [], "executed_branches": [], "missing_branches": []}, "": {"executed_lines": [1, 3, 4, 7, 15, 16, 19, 20, 33, 35, 38, 62], "summary": {"covered_lines": 11, "num_statements": 13, "percent_covered": 84.61538461538461, "percent_covered_display": "84.62", "missing_lines": 2, "excluded_lines": 2, "num_branches": 0, "num_partial_branches": 0, "covered_branches": 0, "missing_branches": 0}, "missing_lines": [28, 30], "excluded_lines": [62, 63], "executed_branches": [], "missing_branches": []}}, "classes": {"": {"executed_lines": [1, 3, 4, 7, 15, 16, 19, 20, 33, 35, 38, 62], "summary": {"covered_lines": 11, "num_statements": 25, "percent_covered": 44.0, "percent_covered_display": "44.00", "missing_lines": 14, "excluded_lines": 2, "num_branches": 0, "num_partial_branches": 0, "covered_branches": 0, "missing_branches": 0}, "missing_lines": [28, 30, 40, 41, 42, 43, 46, 50, 51, 52, 53, 56, 57, 59], "excluded_lines": [62, 63], "executed_branches": [], "missing_branches": []}}}, "CTLogger.py": {"executed_lines": [1, 6, 7, 8, 11, 39, 40, 47, 48, 53, 54, 57, 58, 60, 61, 62, 65, 74, 75, 76, 79, 82, 83, 84, 85, 94, 97, 98, 100, 101, 104, 105, 106, 107, 109], "summary": {"covered_lines": 34, "num_statements": 53, "percent_covered": 61.19402985074627, "percent_covered_display": "61.19", "missing_lines": 19, "excluded_lines": 0, "num_branches": 14, "num_partial_branches": 7, "covered_branches": 7, "missing_branches": 7}, "missing_lines": [41, 42, 43, 44, 49, 50, 51, 52, 59, 66, 67, 68, 69, 71, 86, 87, 89, 90, 91], "excluded_lines": [], "executed_branches": [[40, 47], [48, 53], [53, 54], [58, 60], [60, 61], [65, 74], [97, 98]], "missing_branches": [[40, 41], [48, 49], [53, 57], [58, 59], [60, 65], [65, 66], [97, 100]], "functions": {"setup_logger": {"executed_lines": [39, 40, 47, 48, 53, 54, 57, 58, 60, 61, 62, 65, 74, 75, 76, 79, 82, 83, 84, 85, 94, 97, 98, 100, 101, 104, 105, 106, 107, 109], "summary": {"covered_lines": 30, "num_statements": 49, "percent_covered": 58.73015873015873, "percent_covered_display": "58.73", "missing_lines": 19, "excluded_lines": 0, "num_branches": 14, "num_partial_branches": 7, "covered_branches": 7, "missing_branches": 7}, "missing_lines": [41, 42, 43, 44, 49, 50, 51, 52, 59, 66, 67, 68, 69, 71, 86, 87, 89, 90, 91], "excluded_lines": [], "executed_branches": [[40, 47], [48, 53], [53, 54], [58, 60], [60, 61], [65, 74], [97, 98]], "missing_branches": [[40, 41], [48, 49], [53, 57], [58, 59], [60, 65], [65, 66], [97, 100]]}, "": {"executed_lines": [1, 6, 7, 8, 11], "summary": {"covered_lines": 4, "num_statements": 4, "percent_covered": 100.0, "percent_covered_display": "100.00", "missing_lines": 0, "excluded_lines": 0, "num_branches": 0, "num_partial_branches": 0, "covered_branches": 0, "missing_branches": 0}, "missing_lines": [], "excluded_lines": [], "executed_branches": [], "missing_branches": []}}, "classes": {"": {"executed_lines": [1, 6, 7, 8, 11, 39, 40, 47, 48, 53, 54, 57, 58, 60, 61, 62, 65, 74, 75, 76, 79, 82, 83, 84, 85, 94, 97, 98, 100, 101, 104, 105, 106, 107, 109], "summary": {"covered_lines": 34, "num_statements": 53, "percent_covered": 61.19402985074627, "percent_covered_display": "61.19", "missing_lines": 19, "excluded_lines": 0, "num_branches": 14, "num_partial_branches": 7, "covered_branches": 7, "missing_branches": 7}, "missing_lines": [41, 42, 43, 44, 49, 50, 51, 52, 59, 66, 67, 68, 69, 71, 86, 87, 89, 90, 91], "excluded_lines": [], "executed_branches": [[40, 47], [48, 53], [53, 54], [58, 60], [60, 61], [65, 74], [97, 98]], "missing_branches": [[40, 41], [48, 49], [53, 57], [58, 59], [60, 65], [65, 66], [97, 100]]}}}, "config/__init__.py": {"executed_lines": [1], "summary": {"covered_lines": 0, "num_statements": 0, "percent_covered": 100.0, "percent_covered_display": "100.00", "missing_lines": 0, "excluded_lines": 0, "num_branches": 0, "num_partial_branches": 0, "covered_branches": 0, "missing_branches": 0}, "missing_lines": [], "excluded_lines": [], "executed_branches": [], "missing_branches": [], "functions": {"": {"executed_lines": [1], "summary": {"covered_lines": 0, "num_statements": 0, "percent_covered": 100.0, "percent_covered_display": "100.00", "missing_lines": 0, "excluded_lines": 0, "num_branches": 0, "num_partial_branches": 0, "covered_branches": 0, "missing_branches": 0}, "missing_lines": [], "excluded_lines": [], "executed_branches": [], "missing_branches": []}}, "classes": {"": {"executed_lines": [1], "summary": {"covered_lines": 0, "num_statements": 0, "percent_covered": 100.0, "percent_covered_display": "100.00", "missing_lines": 0, "excluded_lines": 0, "num_branches": 0, "num_partial_branches": 0, "covered_branches": 0, "missing_branches": 0}, "missing_lines": [], "excluded_lines": [], "executed_branches": [], "missing_branches": []}}}, "config/constants.py": {"executed_lines": [1, 25, 26, 29, 30, 31, 32, 35, 36, 37, 38, 39, 41, 42, 45, 46, 49, 50, 51, 52, 53, 56, 57, 58, 59, 62, 63, 64, 65, 66, 67, 68, 69, 70, 71, 72, 75, 76, 77, 78, 81, 82, 83, 84, 87, 88, 91, 92, 93, 94, 95, 96, 97, 100, 101, 102, 105, 106, 107, 110, 111, 112, 115, 116, 117, 118, 121, 122, 123], "summary": {"covered_lines": 68, "num_statements": 68, "percent_covered": 100.0, "percent_covered_display": "100.00", "missing_lines": 0, "excluded_lines": 0, "num_branches": 0, "num_partial_branches": 0, "covered_branches": 0, "missing_branches": 0}, "missing_lines": [], "excluded_lines": [], "executed_branches": [], "missing_branches": [], "functions": {"": {"executed_lines": [1, 25, 26, 29, 30, 31, 32, 35, 36, 37, 38, 39, 41, 42, 45, 46, 49, 50, 51, 52, 53, 56, 57, 58, 59, 62, 63, 64, 65, 66, 67, 68, 69, 70, 71, 72, 75, 76, 77, 78, 81, 82, 83, 84, 87, 88, 91, 92, 93, 94, 95, 96, 97, 100, 101, 102, 105, 106, 107, 110, 111, 112, 115, 116, 117, 118, 121, 122, 123], "summary": {"covered_lines": 68, "num_statements": 68, "percent_covered": 100.0, "percent_covered_display": "100.00", "missing_lines": 0, "excluded_lines": 0, "num_branches": 0, "num_partial_branches": 0, "covered_branches": 0, "missing_branches": 0}, "missing_lines": [], "excluded_lines": [], "executed_branches": [], "missing_branches": []}}, "classes": {"": {"executed_lines": [1, 25, 26, 29, 30, 31, 32, 35, 36, 37, 38, 39, 41, 42, 45, 46, 49, 50, 51, 52, 53, 56, 57, 58, 59, 62, 63, 64, 65, 66, 67, 68, 69, 70, 71, 72, 75, 76, 77, 78, 81, 82, 83, 84, 87, 88, 91, 92, 93, 94, 95, 96, 97, 100, 101, 102, 105, 106, 107, 110, 111, 112, 115, 116, 117, 118, 121, 122, 123], "summary": {"covered_lines": 68, "num_statements": 68, "percent_covered": 100.0, "percent_covered_display": "100.00", "missing_lines": 0, "excluded_lines": 0, "num_branches": 0, "num_partial_branches": 0, "covered_branches": 0, "missing_branches": 0}, "missing_lines": [], "excluded_lines": [], "executed_branches": [], "missing_branches": []}}}, "config/i18n.py": {"executed_lines": [], "summary": {"covered_lines": 0, "num_statements": 42, "percent_covered": 0.0, "percent_covered_display": "0.00", "missing_lines": 42, "excluded_lines": 0, "num_branches": 10, "num_partial_branches": 0, "covered_branches": 0, "missing_branches": 10}, "missing_lines": [8, 9, 11, 13, 16, 19, 24, 31, 32, 33, 35, 45, 46, 47, 51, 52, 56, 57, 58, 61, 64, 65, 66, 67, 68, 70, 71, 73, 80, 81, 83, 84, 86, 88, 89, 100, 102, 104, 106, 116, 117, 119], "excluded_lines": [], "executed_branches": [], "missing_branches": [[45, 46], [45, 51], [56, 57], [56, 61], [64, 65], [64, 70], [83, 84], [83, 86], [116, 117], [116, 119]], "functions": {"TranslationManager.__init__": {"executed_lines": [], "summary": {"covered_lines": 0, "num_statements": 3, "percent_covered": 0.0, "percent_covered_display": "0.00", "missing_lines": 3, "excluded_lines": 0, "num_branches": 0, "num_partial_branches": 0, "covered_branches": 0, "missing_branches": 0}, "missing_lines": [31, 32, 33], "excluded_lines": [], "executed_branches": [], "missing_branches": []}, "TranslationManager.load_language": {"executed_lines": [], "summary": {"covered_lines": 0, "num_statements": 16, "percent_covered": 0.0, "percent_covered_display": "0.00", "missing_lines": 16, "excluded_lines": 0, "num_branches": 6, "num_partial_branches": 0, "covered_branches": 0, "missing_branches": 6}, "missing_lines": [45, 46, 47, 51, 52, 56, 57, 58, 61, 64, 65, 66, 67, 68, 70, 71], "excluded_lines": [], "executed_branches": [], "missing_branches": [[45, 46], [45, 51], [56, 57], [56, 61], [64, 65], [64, 70]]}, "TranslationManager.get_system_language": {"executed_lines": [], "summary": {"covered_lines": 0, "num_statements": 5, "percent_covered": 0.0, "percent_covered_display": "0.00", "missing_lines": 5, "excluded_lines": 0, "num_branches": 2, "num_partial_branches": 0, "covered_branches": 0, "missing_branches": 2}, "missing_lines": [80, 81, 83, 84, 86], "excluded_lines": [], "executed_branches": [], "missing_branches": [[83, 84], [83, 86]]}, "TranslationManager.tr": {"executed_lines": [], "summary": {"covered_lines": 0, "num_statements": 1, "percent_covered": 0.0, "percent_covered_display": "0.00", "missing_lines": 1, "excluded_lines": 0, "num_branches": 0, "num_partial_branches": 0, "covered_branches": 0, "missing_branches": 0}, "missing_lines": [100], "excluded_lines": [], "executed_branches": [], "missing_branches": []}, "TranslationManager.get_current_language": {"executed_lines": [], "summary": {"covered_lines": 0, "num_statements": 1, "percent_covered": 0.0, "percent_covered_display": "0.00", "missing_lines": 1, "excluded_lines": 0, "num_branches": 0, "num_partial_branches": 0, "covered_branches": 0, "missing_branches": 0}, "missing_lines": [104], "excluded_lines": [], "executed_branches": [], "missing_branches": []}, "TranslationManager.get_language_name": {"executed_lines": [], "summary": {"covered_lines": 0, "num_statements": 3, "percent_covered": 0.0, "percent_covered_display": "0.00", "missing_lines": 3, "excluded_lines": 0, "num_branches": 2, "num_partial_branches": 0, "covered_branches": 0, "missing_branches": 2}, "missing_lines": [116, 117, 119], "excluded_lines": [], "executed_branches": [], "missing_branches": [[116, 117], [116, 119]]}, "": {"executed_lines": [], "summary": {"covered_lines": 0, "num_statements": 13, "percent_covered": 0.0, "percent_covered_display": "0.00", "missing_lines": 13, "excluded_lines": 0, "num_branches": 0, "num_partial_branches": 0, "covered_branches": 0, "missing_branches": 0}, "missing_lines": [8, 9, 11, 13, 16, 19, 24, 35, 73, 88, 89, 102, 106], "excluded_lines": [], "executed_branches": [], "missing_branches": []}}, "classes": {"TranslationManager": {"executed_lines": [], "summary": {"covered_lines": 0, "num_statements": 29, "percent_covered": 0.0, "percent_covered_display": "0.00", "missing_lines": 29, "excluded_lines": 0, "num_branches": 10, "num_partial_branches": 0, "covered_branches": 0, "missing_branches": 10}, "missing_lines": [31, 32, 33, 45, 46, 47, 51, 52, 56, 57, 58, 61, 64, 65, 66, 67, 68, 70, 71, 80, 81, 83, 84, 86, 100, 104, 116, 117, 119], "excluded_lines": [], "executed_branches": [], "missing_branches": [[45, 46], [45, 51], [56, 57], [56, 61], [64, 65], [64, 70], [83, 84], [83, 86], [116, 117], [116, 119]]}, "": {"executed_lines": [], "summary": {"covered_lines": 0, "num_statements": 13, "percent_covered": 0.0, "percent_covered_display": "0.00", "missing_lines": 13, "excluded_lines": 0, "num_branches": 0, "num_partial_branches": 0, "covered_branches": 0, "missing_branches": 0}, "missing_lines": [8, 9, 11, 13, 16, 19, 24, 35, 73, 88, 89, 102, 106], "excluded_lines": [], "executed_branches": [], "missing_branches": []}}}, "config/shortcuts.py": {"executed_lines": [1, 8, 9, 12, 13, 14, 16, 17, 18, 21, 22, 24, 79, 80, 90, 92, 93, 100, 102, 103, 110], "summary": {"covered_lines": 18, "num_statements": 18, "percent_covered": 100.0, "percent_covered_display": "100.00", "missing_lines": 0, "excluded_lines": 0, "num_branches": 0, "num_partial_branches": 0, "covered_branches": 0, "missing_branches": 0}, "missing_lines": [], "excluded_lines": [], "executed_branches": [], "missing_branches": [], "functions": {"ShortcutManager.get_shortcut": {"executed_lines": [90], "summary": {"covered_lines": 1, "num_statements": 1, "percent_covered": 100.0, "percent_covered_display": "100.00", "missing_lines": 0, "excluded_lines": 0, "num_branches": 0, "num_partial_branches": 0, "covered_branches": 0, "missing_branches": 0}, "missing_lines": [], "excluded_lines": [], "executed_branches": [], "missing_branches": []}, "ShortcutManager.get_all_shortcuts": {"executed_lines": [100], "summary": {"covered_lines": 1, "num_statements": 1, "percent_covered": 100.0, "percent_covered_display": "100.00", "missing_lines": 0, "excluded_lines": 0, "num_branches": 0, "num_partial_branches": 0, "covered_branches": 0, "missing_branches": 0}, "missing_lines": [], "excluded_lines": [], "executed_branches": [], "missing_branches": []}, "ShortcutManager.get_shortcuts_by_category": {"executed_lines": [110], "summary": {"covered_lines": 1, "num_statements": 1, "percent_covered": 100.0, "percent_covered_display": "100.00", "missing_lines": 0, "excluded_lines": 0, "num_branches": 0, "num_partial_branches": 0, "covered_branches": 0, "missing_branches": 0}, "missing_lines": [], "excluded_lines": [], "executed_branches": [], "missing_branches": []}, "": {"executed_lines": [1, 8, 9, 12, 13, 14, 16, 17, 18, 21, 22, 24, 79, 80, 92, 93, 102, 103], "summary": {"covered_lines": 15, "num_statements": 15, "percent_covered": 100.0, "percent_covered_display": "100.00", "missing_lines": 0, "excluded_lines": 0, "num_branches": 0, "num_partial_branches": 0, "covered_branches": 0, "missing_branches": 0}, "missing_lines": [], "excluded_lines": [], "executed_branches": [], "missing_branches": []}}, "classes": {"Shortcut": {"executed_lines": [], "summary": {"covered_lines": 0, "num_statements": 0, "percent_covered": 100.0, "percent_covered_display": "100.00", "missing_lines": 0, "excluded_lines": 0, "num_branches": 0, "num_partial_branches": 0, "covered_branches": 0, "missing_branches": 0}, "missing_lines": [], "excluded_lines": [], "executed_branches": [], "missing_branches": []}, "ShortcutManager": {"executed_lines": [90, 100, 110], "summary": {"covered_lines": 3, "num_statements": 3, "percent_covered": 100.0, "percent_covered_display": "100.00", "missing_lines": 0, "excluded_lines": 0, "num_branches": 0, "num_partial_branches": 0, "covered_branches": 0, "missing_branches": 0}, "missing_lines": [], "excluded_lines": [], "executed_branches": [], "missing_branches": []}, "": {"executed_lines": [1, 8, 9, 12, 13, 14, 16, 17, 18, 21, 22, 24, 79, 80, 92, 93, 102, 103], "summary": {"covered_lines": 15, "num_statements": 15, "percent_covered": 100.0, "percent_covered_display": "100.00", "missing_lines": 0, "excluded_lines": 0, "num_branches": 0, "num_partial_branches": 0, "covered_branches": 0, "missing_branches": 0}, "missing_lines": [], "excluded_lines": [], "executed_branches": [], "missing_branches": []}}}, "config/tooltips.py": {"executed_lines": [], "summary": {"covered_lines": 0, "num_statements": 19, "percent_covered": 0.0, "percent_covered_display": "0.00", "missing_lines": 19, "excluded_lines": 0, "num_branches": 4, "num_partial_branches": 0, "covered_branches": 0, "missing_branches": 4}, "missing_lines": [8, 11, 19, 170, 171, 181, 182, 184, 185, 195, 196, 198, 199, 207, 208, 210, 211, 212, 213], "excluded_lines": [], "executed_branches": [], "missing_branches": [[210, 211], [210, 212], [212, -198], [212, 213]], "functions": {"TooltipManager.get_tooltip": {"executed_lines": [], "summary": {"covered_lines": 0, "num_statements": 2, "percent_covered": 0.0, "percent_covered_display": "0.00", "missing_lines": 2, "excluded_lines": 0, "num_branches": 0, "num_partial_branches": 0, "covered_branches": 0, "missing_branches": 0}, "missing_lines": [181, 182], "excluded_lines": [], "executed_branches": [], "missing_branches": []}, "TooltipManager.get_status_tip": {"executed_lines": [], "summary": {"covered_lines": 0, "num_statements": 2, "percent_covered": 0.0, "percent_covered_display": "0.00", "missing_lines": 2, "excluded_lines": 0, "num_branches": 0, "num_partial_branches": 0, "covered_branches": 0, "missing_branches": 0}, "missing_lines": [195, 196], "excluded_lines": [], "executed_branches": [], "missing_branches": []}, "TooltipManager.set_action_tooltips": {"executed_lines": [], "summary": {"covered_lines": 0, "num_statements": 6, "percent_covered": 0.0, "percent_covered_display": "0.00", "missing_lines": 6, "excluded_lines": 0, "num_branches": 4, "num_partial_branches": 0, "covered_branches": 0, "missing_branches": 4}, "missing_lines": [207, 208, 210, 211, 212, 213], "excluded_lines": [], "executed_branches": [], "missing_branches": [[210, 211], [210, 212], [212, -198], [212, 213]]}, "": {"executed_lines": [], "summary": {"covered_lines": 0, "num_statements": 9, "percent_covered": 0.0, "percent_covered_display": "0.00", "missing_lines": 9, "excluded_lines": 0, "num_branches": 0, "num_partial_branches": 0, "covered_branches": 0, "missing_branches": 0}, "missing_lines": [8, 11, 19, 170, 171, 184, 185, 198, 199], "excluded_lines": [], "executed_branches": [], "missing_branches": []}}, "classes": {"TooltipManager": {"executed_lines": [], "summary": {"covered_lines": 0, "num_statements": 10, "percent_covered": 0.0, "percent_covered_display": "0.00", "missing_lines": 10, "excluded_lines": 0, "num_branches": 4, "num_partial_branches": 0, "covered_branches": 0, "missing_branches": 4}, "missing_lines": [181, 182, 195, 196, 207, 208, 210, 211, 212, 213], "excluded_lines": [], "executed_branches": [], "missing_branches": [[210, 211], [210, 212], [212, -198], [212, 213]]}, "": {"executed_lines": [], "summary": {"covered_lines": 0, "num_statements": 9, "percent_covered": 0.0, "percent_covered_display": "0.00", "missing_lines": 9, "excluded_lines": 0, "num_branches": 0, "num_partial_branches": 0, "covered_branches": 0, "missing_branches": 0}, "missing_lines": [8, 11, 19, 170, 171, 184, 185, 198, 199], "excluded_lines": [], "executed_branches": [], "missing_branches": []}}}, "config/view_modes.py": {"executed_lines": [1, 8, 9, 10, 11, 12, 13, 16, 19, 20, 21, 22, 23, 24, 25, 26, 29], "summary": {"covered_lines": 16, "num_statements": 16, "percent_covered": 100.0, "percent_covered_display": "100.00", "missing_lines": 0, "excluded_lines": 0, "num_branches": 0, "num_partial_branches": 0, "covered_branches": 0, "missing_branches": 0}, "missing_lines": [], "excluded_lines": [], "executed_branches": [], "missing_branches": [], "functions": {"": {"executed_lines": [1, 8, 9, 10, 11, 12, 13, 16, 19, 20, 21, 22, 23, 24, 25, 26, 29], "summary": {"covered_lines": 16, "num_statements": 16, "percent_covered": 100.0, "percent_covered_display": "100.00", "missing_lines": 0, "excluded_lines": 0, "num_branches": 0, "num_partial_branches": 0, "covered_branches": 0, "missing_branches": 0}, "missing_lines": [], "excluded_lines": [], "executed_branches": [], "missing_branches": []}}, "classes": {"": {"executed_lines": [1, 8, 9, 10, 11, 12, 13, 16, 19, 20, 21, 22, 23, 24, 25, 26, 29], "summary": {"covered_lines": 16, "num_statements": 16, "percent_covered": 100.0, "percent_covered_display": "100.00", "missing_lines": 0, "excluded_lines": 0, "num_branches": 0, "num_partial_branches": 0, "covered_branches": 0, "missing_branches": 0}, "missing_lines": [], "excluded_lines": [], "executed_branches": [], "missing_branches": []}}}, "core/__init__.py": {"executed_lines": [], "summary": {"covered_lines": 0, "num_statements": 0, "percent_covered": 100.0, "percent_covered_display": "100.00", "missing_lines": 0, "excluded_lines": 0, "num_branches": 0, "num_partial_branches": 0, "covered_branches": 0, "missing_branches": 0}, "missing_lines": [], "excluded_lines": [], "executed_branches": [], "missing_branches": [], "functions": {"": {"executed_lines": [], "summary": {"covered_lines": 0, "num_statements": 0, "percent_covered": 100.0, "percent_covered_display": "100.00", "missing_lines": 0, "excluded_lines": 0, "num_branches": 0, "num_partial_branches": 0, "covered_branches": 0, "missing_branches": 0}, "missing_lines": [], "excluded_lines": [], "executed_branches": [], "missing_branches": []}}, "classes": {"": {"executed_lines": [], "summary": {"covered_lines": 0, "num_statements": 0, "percent_covered": 100.0, "percent_covered_display": "100.00", "missing_lines": 0, "excluded_lines": 0, "num_branches": 0, "num_partial_branches": 0, "covered_branches": 0, "missing_branches": 0}, "missing_lines": [], "excluded_lines": [], "executed_branches": [], "missing_branches": []}}}, "core/file_handler.py": {"executed_lines": [1, 8, 9, 10, 11, 13, 15, 17, 20, 21, 47, 49, 51, 53, 74, 76, 78, 79, 80, 82, 86, 89, 91, 92, 93, 95, 101, 120, 148, 150, 156, 157, 158, 160, 164, 166, 167, 168, 169, 170, 173, 174, 175, 176, 179, 180, 181, 183, 186, 187, 188, 190, 192, 194, 195, 196, 199, 200, 201, 202, 203, 204, 206, 209, 210, 211, 212, 213, 217, 218, 220, 221, 222, 224, 227, 228, 229, 234, 236, 241, 243, 246, 247, 248, 251, 252, 253, 272, 273, 275, 279, 280, 281, 284, 294, 314, 328, 329, 330, 331, 334, 336, 346, 347, 348, 349, 350, 352, 353, 355, 356, 358, 359, 361, 363, 364, 366, 380, 382, 385, 386, 387, 389, 394, 399, 400, 406, 407, 408, 410, 411, 420, 431, 433, 435, 436, 437, 438, 439, 440, 441, 443, 444, 450, 460, 461, 462, 464, 466, 467, 469], "summary": {"covered_lines": 149, "num_statements": 205, "percent_covered": 76.42585551330798, "percent_covered_display": "76.43", "missing_lines": 56, "excluded_lines": 0, "num_branches": 58, "num_partial_branches": 6, "covered_branches": 52, "missing_branches": 6}, "missing_lines": [83, 84, 103, 104, 105, 106, 107, 108, 109, 110, 115, 116, 117, 118, 237, 238, 254, 255, 256, 257, 258, 259, 260, 261, 266, 267, 268, 269, 276, 277, 296, 297, 302, 303, 304, 309, 310, 311, 312, 332, 390, 391, 395, 396, 413, 414, 415, 416, 417, 418, 446, 447, 448, 471, 472, 473], "excluded_lines": [], "executed_branches": [[78, 79], [78, 82], [82, 86], [91, 92], [91, 95], [156, 157], [156, 160], [173, 174], [173, 194], [175, 176], [175, 192], [180, 181], [180, 183], [187, 188], [187, 190], [194, 195], [194, 199], [201, 202], [201, 206], [202, 201], [202, 203], [211, 212], [211, 220], [213, 211], [213, 217], [220, 221], [220, 224], [227, 228], [227, 236], [229, 227], [229, 234], [236, 241], [275, 279], [330, 331], [353, 355], [353, 363], [358, 359], [358, 361], [385, 386], [385, 389], [389, 394], [394, 399], [406, 407], [406, 410], [436, 437], [436, 443], [438, 436], [438, 439], [461, 462], [461, 464], [466, 467], [466, 469]], "missing_branches": [[82, 83], [236, 237], [275, 276], [330, 332], [389, 390], [394, 395]], "functions": {"FileHandler.__init__": {"executed_lines": [51], "summary": {"covered_lines": 1, "num_statements": 1, "percent_covered": 100.0, "percent_covered_display": "100.00", "missing_lines": 0, "excluded_lines": 0, "num_branches": 0, "num_partial_branches": 0, "covered_branches": 0, "missing_branches": 0}, "missing_lines": [], "excluded_lines": [], "executed_branches": [], "missing_branches": []}, "FileHandler.open_directory": {"executed_lines": [74, 76, 78, 79, 80, 82, 86, 89, 91, 92, 93, 95, 101], "summary": {"covered_lines": 13, "num_statements": 27, "percent_covered": 54.54545454545455, "percent_covered_display": "54.55", "missing_lines": 14, "excluded_lines": 0, "num_branches": 6, "num_partial_branches": 1, "covered_branches": 5, "missing_branches": 1}, "missing_lines": [83, 84, 103, 104, 105, 106, 107, 108, 109, 110, 115, 116, 117, 118], "excluded_lines": [], "executed_branches": [[78, 79], [78, 82], [82, 86], [91, 92], [91, 95]], "missing_branches": [[82, 83]]}, "FileHandler.sort_file_list_from_dir": {"executed_lines": [148, 150, 156, 157, 158, 160, 164, 166, 167, 168, 169, 170, 173, 174, 175, 176, 179, 180, 181, 183, 186, 187, 188, 190, 192, 194, 195, 196, 199, 200, 201, 202, 203, 204, 206, 209, 210, 211, 212, 213, 217, 218, 220, 221, 222, 224, 227, 228, 229, 234, 236, 241, 243, 246, 247, 248, 251, 252, 253, 272, 273, 275, 279, 280, 281, 284, 294], "summary": {"covered_lines": 67, "num_statements": 92, "percent_covered": 77.8688524590164, "percent_covered_display": "77.87", "missing_lines": 25, "excluded_lines": 0, "num_branches": 30, "num_partial_branches": 2, "covered_branches": 28, "missing_branches": 2}, "missing_lines": [237, 238, 254, 255, 256, 257, 258, 259, 260, 261, 266, 267, 268, 269, 276, 277, 296, 297, 302, 303, 304, 309, 310, 311, 312], "excluded_lines": [], "executed_branches": [[156, 157], [156, 160], [173, 174], [173, 194], [175, 176], [175, 192], [180, 181], [180, 183], [187, 188], [187, 190], [194, 195], [194, 199], [201, 202], [201, 206], [202, 201], [202, 203], [211, 212], [211, 220], [213, 211], [213, 217], [220, 221], [220, 224], [227, 228], [227, 236], [229, 227], [229, 234], [236, 241], [275, 279]], "missing_branches": [[236, 237], [275, 276]]}, "FileHandler._natural_sort": {"executed_lines": [328, 334], "summary": {"covered_lines": 2, "num_statements": 2, "percent_covered": 100.0, "percent_covered_display": "100.00", "missing_lines": 0, "excluded_lines": 0, "num_branches": 0, "num_partial_branches": 0, "covered_branches": 0, "missing_branches": 0}, "missing_lines": [], "excluded_lines": [], "executed_branches": [], "missing_branches": []}, "FileHandler._natural_sort.extract_number": {"executed_lines": [329, 330, 331], "summary": {"covered_lines": 3, "num_statements": 4, "percent_covered": 66.66666666666667, "percent_covered_display": "66.67", "missing_lines": 1, "excluded_lines": 0, "num_branches": 2, "num_partial_branches": 1, "covered_branches": 1, "missing_branches": 1}, "missing_lines": [332], "excluded_lines": [], "executed_branches": [[330, 331]], "missing_branches": [[330, 332]]}, "FileHandler.get_file_list": {"executed_lines": [346, 347, 348, 349, 350, 352, 353, 355, 356, 358, 359, 361, 363, 364], "summary": {"covered_lines": 14, "num_statements": 14, "percent_covered": 100.0, "percent_covered_display": "100.00", "missing_lines": 0, "excluded_lines": 0, "num_branches": 4, "num_partial_branches": 0, "covered_branches": 4, "missing_branches": 0}, "missing_lines": [], "excluded_lines": [], "executed_branches": [[353, 355], [353, 363], [358, 359], [358, 361]], "missing_branches": []}, "FileHandler.validate_directory_structure": {"executed_lines": [380, 382, 385, 386, 387, 389, 394, 399, 400, 406, 407, 408, 410, 411], "summary": {"covered_lines": 14, "num_statements": 24, "percent_covered": 62.5, "percent_covered_display": "62.50", "missing_lines": 10, "excluded_lines": 0, "num_branches": 8, "num_partial_branches": 2, "covered_branches": 6, "missing_branches": 2}, "missing_lines": [390, 391, 395, 396, 413, 414, 415, 416, 417, 418], "excluded_lines": [], "executed_branches": [[385, 386], [385, 389], [389, 394], [394, 399], [406, 407], [406, 410]], "missing_branches": [[389, 390], [394, 395]]}, "FileHandler.find_log_file": {"executed_lines": [431, 433, 435, 436, 437, 438, 439, 440, 441, 443, 444], "summary": {"covered_lines": 11, "num_statements": 14, "percent_covered": 83.33333333333333, "percent_covered_display": "83.33", "missing_lines": 3, "excluded_lines": 0, "num_branches": 4, "num_partial_branches": 0, "covered_branches": 4, "missing_branches": 0}, "missing_lines": [446, 447, 448], "excluded_lines": [], "executed_branches": [[436, 437], [436, 443], [438, 436], [438, 439]], "missing_branches": []}, "FileHandler.count_files_in_directory": {"executed_lines": [460, 461, 462, 464, 466, 467, 469], "summary": {"covered_lines": 7, "num_statements": 10, "percent_covered": 78.57142857142857, "percent_covered_display": "78.57", "missing_lines": 3, "excluded_lines": 0, "num_branches": 4, "num_partial_branches": 0, "covered_branches": 4, "missing_branches": 0}, "missing_lines": [471, 472, 473], "excluded_lines": [], "executed_branches": [[461, 462], [461, 464], [466, 467], [466, 469]], "missing_branches": []}, "": {"executed_lines": [1, 8, 9, 10, 11, 13, 15, 17, 20, 21, 47, 49, 53, 120, 314, 336, 366, 420, 450], "summary": {"covered_lines": 17, "num_statements": 17, "percent_covered": 100.0, "percent_covered_display": "100.00", "missing_lines": 0, "excluded_lines": 0, "num_branches": 0, "num_partial_branches": 0, "covered_branches": 0, "missing_branches": 0}, "missing_lines": [], "excluded_lines": [], "executed_branches": [], "missing_branches": []}}, "classes": {"FileHandler": {"executed_lines": [51, 74, 76, 78, 79, 80, 82, 86, 89, 91, 92, 93, 95, 101, 148, 150, 156, 157, 158, 160, 164, 166, 167, 168, 169, 170, 173, 174, 175, 176, 179, 180, 181, 183, 186, 187, 188, 190, 192, 194, 195, 196, 199, 200, 201, 202, 203, 204, 206, 209, 210, 211, 212, 213, 217, 218, 220, 221, 222, 224, 227, 228, 229, 234, 236, 241, 243, 246, 247, 248, 251, 252, 253, 272, 273, 275, 279, 280, 281, 284, 294, 328, 329, 330, 331, 334, 346, 347, 348, 349, 350, 352, 353, 355, 356, 358, 359, 361, 363, 364, 380, 382, 385, 386, 387, 389, 394, 399, 400, 406, 407, 408, 410, 411, 431, 433, 435, 436, 437, 438, 439, 440, 441, 443, 444, 460, 461, 462, 464, 466, 467, 469], "summary": {"covered_lines": 132, "num_statements": 188, "percent_covered": 74.79674796747967, "percent_covered_display": "74.80", "missing_lines": 56, "excluded_lines": 0, "num_branches": 58, "num_partial_branches": 6, "covered_branches": 52, "missing_branches": 6}, "missing_lines": [83, 84, 103, 104, 105, 106, 107, 108, 109, 110, 115, 116, 117, 118, 237, 238, 254, 255, 256, 257, 258, 259, 260, 261, 266, 267, 268, 269, 276, 277, 296, 297, 302, 303, 304, 309, 310, 311, 312, 332, 390, 391, 395, 396, 413, 414, 415, 416, 417, 418, 446, 447, 448, 471, 472, 473], "excluded_lines": [], "executed_branches": [[78, 79], [78, 82], [82, 86], [91, 92], [91, 95], [156, 157], [156, 160], [173, 174], [173, 194], [175, 176], [175, 192], [180, 181], [180, 183], [187, 188], [187, 190], [194, 195], [194, 199], [201, 202], [201, 206], [202, 201], [202, 203], [211, 212], [211, 220], [213, 211], [213, 217], [220, 221], [220, 224], [227, 228], [227, 236], [229, 227], [229, 234], [236, 241], [275, 279], [330, 331], [353, 355], [353, 363], [358, 359], [358, 361], [385, 386], [385, 389], [389, 394], [394, 399], [406, 407], [406, 410], [436, 437], [436, 443], [438, 436], [438, 439], [461, 462], [461, 464], [466, 467], [466, 469]], "missing_branches": [[82, 83], [236, 237], [275, 276], [330, 332], [389, 390], [394, 395]]}, "": {"executed_lines": [1, 8, 9, 10, 11, 13, 15, 17, 20, 21, 47, 49, 53, 120, 314, 336, 366, 420, 450], "summary": {"covered_lines": 17, "num_statements": 17, "percent_covered": 100.0, "percent_covered_display": "100.00", "missing_lines": 0, "excluded_lines": 0, "num_branches": 0, "num_partial_branches": 0, "covered_branches": 0, "missing_branches": 0}, "missing_lines": [], "excluded_lines": [], "executed_branches": [], "missing_branches": []}}}, "core/progress_manager.py": {"executed_lines": [1, 7, 8, 9, 11, 13, 16, 17, 20, 21, 22, 24, 25, 26, 27, 28, 29, 30, 31, 34, 36, 38, 39, 40, 41, 43, 45, 46, 48, 50, 51, 54, 55, 56, 58, 60, 61, 62, 64, 66, 68, 70, 71, 73, 74, 76, 77, 78, 81, 83, 84, 86, 87, 90, 92, 93, 95, 98, 99, 100, 102, 103, 104, 106, 109, 111, 112, 113, 114, 116, 118, 125, 126, 127], "summary": {"covered_lines": 72, "num_statements": 72, "percent_covered": 100.0, "percent_covered_display": "100.00", "missing_lines": 0, "excluded_lines": 0, "num_branches": 28, "num_partial_branches": 0, "covered_branches": 28, "missing_branches": 0}, "missing_lines": [], "excluded_lines": [], "executed_branches": [[45, 46], [45, 48], [55, -43], [55, 56], [61, -58], [61, 62], [70, 71], [70, 73], [73, 74], [73, 76], [77, 78], [77, 81], [81, 83], [81, 98], [86, 87], [86, 90], [92, 93], [92, 95], [99, 100], [99, 102], [102, 103], [102, 106], [111, 112], [111, 113], [113, 114], [113, 116], [125, 126], [125, 127]], "missing_branches": [], "functions": {"ProgressManager.__init__": {"executed_lines": [25, 26, 27, 28, 29, 30, 31, 34], "summary": {"covered_lines": 8, "num_statements": 8, "percent_covered": 100.0, "percent_covered_display": "100.00", "missing_lines": 0, "excluded_lines": 0, "num_branches": 0, "num_partial_branches": 0, "covered_branches": 0, "missing_branches": 0}, "missing_lines": [], "excluded_lines": [], "executed_branches": [], "missing_branches": []}, "ProgressManager.start": {"executed_lines": [38, 39, 40, 41], "summary": {"covered_lines": 4, "num_statements": 4, "percent_covered": 100.0, "percent_covered_display": "100.00", "missing_lines": 0, "excluded_lines": 0, "num_branches": 0, "num_partial_branches": 0, "covered_branches": 0, "missing_branches": 0}, "missing_lines": [], "excluded_lines": [], "executed_branches": [], "missing_branches": []}, "ProgressManager.update": {"executed_lines": [45, 46, 48, 50, 51, 54, 55, 56], "summary": {"covered_lines": 8, "num_statements": 8, "percent_covered": 100.0, "percent_covered_display": "100.00", "missing_lines": 0, "excluded_lines": 0, "num_branches": 4, "num_partial_branches": 0, "covered_branches": 4, "missing_branches": 0}, "missing_lines": [], "excluded_lines": [], "executed_branches": [[45, 46], [45, 48], [55, -43], [55, 56]], "missing_branches": []}, "ProgressManager.set_sampling": {"executed_lines": [60, 61, 62], "summary": {"covered_lines": 3, "num_statements": 3, "percent_covered": 100.0, "percent_covered_display": "100.00", "missing_lines": 0, "excluded_lines": 0, "num_branches": 2, "num_partial_branches": 0, "covered_branches": 2, "missing_branches": 0}, "missing_lines": [], "excluded_lines": [], "executed_branches": [[61, -58], [61, 62]], "missing_branches": []}, "ProgressManager.set_speed": {"executed_lines": [66], "summary": {"covered_lines": 1, "num_statements": 1, "percent_covered": 100.0, "percent_covered_display": "100.00", "missing_lines": 0, "excluded_lines": 0, "num_branches": 0, "num_partial_branches": 0, "covered_branches": 0, "missing_branches": 0}, "missing_lines": [], "excluded_lines": [], "executed_branches": [], "missing_branches": []}, "ProgressManager.calculate_eta": {"executed_lines": [70, 71, 73, 74, 76, 77, 78, 81, 83, 84, 86, 87, 90, 92, 93, 95, 98, 99, 100, 102, 103, 104, 106, 109, 111, 112, 113, 114, 116], "summary": {"covered_lines": 29, "num_statements": 29, "percent_covered": 100.0, "percent_covered_display": "100.00", "missing_lines": 0, "excluded_lines": 0, "num_branches": 20, "num_partial_branches": 0, "covered_branches": 20, "missing_branches": 0}, "missing_lines": [], "excluded_lines": [], "executed_branches": [[70, 71], [70, 73], [73, 74], [73, 76], [77, 78], [77, 81], [81, 83], [81, 98], [86, 87], [86, 90], [92, 93], [92, 95], [99, 100], [99, 102], [102, 103], [102, 106], [111, 112], [111, 113], [113, 114], [113, 116]], "missing_branches": []}, "ProgressManager.get_detail_text": {"executed_lines": [125, 126, 127], "summary": {"covered_lines": 3, "num_statements": 3, "percent_covered": 100.0, "percent_covered_display": "100.00", "missing_lines": 0, "excluded_lines": 0, "num_branches": 2, "num_partial_branches": 0, "covered_branches": 2, "missing_branches": 0}, "missing_lines": [], "excluded_lines": [], "executed_branches": [[125, 126], [125, 127]], "missing_branches": []}, "": {"executed_lines": [1, 7, 8, 9, 11, 13, 16, 17, 20, 21, 22, 24, 36, 43, 58, 64, 68, 118], "summary": {"covered_lines": 16, "num_statements": 16, "percent_covered": 100.0, "percent_covered_display": "100.00", "missing_lines": 0, "excluded_lines": 0, "num_branches": 0, "num_partial_branches": 0, "covered_branches": 0, "missing_branches": 0}, "missing_lines": [], "excluded_lines": [], "executed_branches": [], "missing_branches": []}}, "classes": {"ProgressManager": {"executed_lines": [25, 26, 27, 28, 29, 30, 31, 34, 38, 39, 40, 41, 45, 46, 48, 50, 51, 54, 55, 56, 60, 61, 62, 66, 70, 71, 73, 74, 76, 77, 78, 81, 83, 84, 86, 87, 90, 92, 93, 95, 98, 99, 100, 102, 103, 104, 106, 109, 111, 112, 113, 114, 116, 125, 126, 127], "summary": {"covered_lines": 56, "num_statements": 56, "percent_covered": 100.0, "percent_covered_display": "100.00", "missing_lines": 0, "excluded_lines": 0, "num_branches": 28, "num_partial_branches": 0, "covered_branches": 28, "missing_branches": 0}, "missing_lines": [], "excluded_lines": [], "executed_branches": [[45, 46], [45, 48], [55, -43], [55, 56], [61, -58], [61, 62], [70, 71], [70, 73], [73, 74], [73, 76], [77, 78], [77, 81], [81, 83], [81, 98], [86, 87], [86, 90], [92, 93], [92, 95], [99, 100], [99, 102], [102, 103], [102, 106], [111, 112], [111, 113], [113, 114], [113, 116], [125, 126], [125, 127]], "missing_branches": []}, "": {"executed_lines": [1, 7, 8, 9, 11, 13, 16, 17, 20, 21, 22, 24, 36, 43, 58, 64, 68, 118], "summary": {"covered_lines": 16, "num_statements": 16, "percent_covered": 100.0, "percent_covered_display": "100.00", "missing_lines": 0, "excluded_lines": 0, "num_branches": 0, "num_partial_branches": 0, "covered_branches": 0, "missing_branches": 0}, "missing_lines": [], "excluded_lines": [], "executed_branches": [], "missing_branches": []}}}, "core/progress_tracker.py": {"executed_lines": [1, 20, 21, 22, 23, 25, 28, 29, 30, 44, 45, 46, 47, 48, 49, 51, 52, 59, 60, 62, 64, 65, 66, 67, 68, 69, 71, 72, 73, 75, 76, 82, 83, 84, 85, 86, 87, 89, 90, 91, 94, 95, 124, 144, 145, 146, 147, 149, 150, 151, 154, 156, 172, 175, 176, 179, 180, 183, 184, 185, 188, 193, 196, 197, 198, 200, 203, 213, 214, 216, 218, 224, 225, 226, 227, 229, 240, 241, 243, 244, 245, 246, 248, 249, 251], "summary": {"covered_lines": 82, "num_statements": 83, "percent_covered": 98.05825242718447, "percent_covered_display": "98.06", "missing_lines": 1, "excluded_lines": 0, "num_branches": 20, "num_partial_branches": 1, "covered_branches": 19, "missing_branches": 1}, "missing_lines": [190], "excluded_lines": [], "executed_branches": [[59, 60], [59, 62], [64, 65], [64, 66], [66, 67], [66, 71], [82, 83], [82, 84], [84, 85], [84, 89], [179, 180], [184, 185], [184, 188], [197, 198], [197, 200], [213, 214], [213, 216], [243, 244], [243, 248]], "missing_branches": [[179, 190]], "functions": {"ProgressInfo.eta_formatted": {"executed_lines": [59, 60, 62, 64, 65, 66, 67, 68, 69, 71, 72, 73], "summary": {"covered_lines": 12, "num_statements": 12, "percent_covered": 100.0, "percent_covered_display": "100.00", "missing_lines": 0, "excluded_lines": 0, "num_branches": 6, "num_partial_branches": 0, "covered_branches": 6, "missing_branches": 0}, "missing_lines": [], "excluded_lines": [], "executed_branches": [[59, 60], [59, 62], [64, 65], [64, 66], [66, 67], [66, 71]], "missing_branches": []}, "ProgressInfo.elapsed_formatted": {"executed_lines": [82, 83, 84, 85, 86, 87, 89, 90, 91], "summary": {"covered_lines": 9, "num_statements": 9, "percent_covered": 100.0, "percent_covered_display": "100.00", "missing_lines": 0, "excluded_lines": 0, "num_branches": 4, "num_partial_branches": 0, "covered_branches": 4, "missing_branches": 0}, "missing_lines": [], "excluded_lines": [], "executed_branches": [[82, 83], [82, 84], [84, 85], [84, 89]], "missing_branches": []}, "SimpleProgressTracker.__init__": {"executed_lines": [144, 145, 146, 147, 149, 150, 151, 154], "summary": {"covered_lines": 8, "num_statements": 8, "percent_covered": 100.0, "percent_covered_display": "100.00", "missing_lines": 0, "excluded_lines": 0, "num_branches": 0, "num_partial_branches": 0, "covered_branches": 0, "missing_branches": 0}, "missing_lines": [], "excluded_lines": [], "executed_branches": [], "missing_branches": []}, "SimpleProgressTracker.update": {"executed_lines": [172, 175, 176, 179, 180, 183, 184, 185, 188, 193, 196, 197, 198, 200, 203, 213, 214, 216], "summary": {"covered_lines": 18, "num_statements": 19, "percent_covered": 92.5925925925926, "percent_covered_display": "92.59", "missing_lines": 1, "excluded_lines": 0, "num_branches": 8, "num_partial_branches": 1, "covered_branches": 7, "missing_branches": 1}, "missing_lines": [190], "excluded_lines": [], "executed_branches": [[179, 180], [184, 185], [184, 188], [197, 198], [197, 200], [213, 214], [213, 216]], "missing_branches": [[179, 190]]}, "SimpleProgressTracker.reset": {"executed_lines": [224, 225, 226, 227], "summary": {"covered_lines": 4, "num_statements": 4, "percent_covered": 100.0, "percent_covered_display": "100.00", "missing_lines": 0, "excluded_lines": 0, "num_branches": 0, "num_partial_branches": 0, "covered_branches": 0, "missing_branches": 0}, "missing_lines": [], "excluded_lines": [], "executed_branches": [], "missing_branches": []}, "SimpleProgressTracker.get_info": {"executed_lines": [240, 241, 243, 244, 245, 246, 248, 249, 251], "summary": {"covered_lines": 9, "num_statements": 9, "percent_covered": 100.0, "percent_covered_display": "100.00", "missing_lines": 0, "excluded_lines": 0, "num_branches": 2, "num_partial_branches": 0, "covered_branches": 2, "missing_branches": 0}, "missing_lines": [], "excluded_lines": [], "executed_branches": [[243, 244], [243, 248]], "missing_branches": []}, "": {"executed_lines": [1, 20, 21, 22, 23, 25, 28, 29, 30, 44, 45, 46, 47, 48, 49, 51, 52, 75, 76, 94, 95, 124, 156, 218, 229], "summary": {"covered_lines": 22, "num_statements": 22, "percent_covered": 100.0, "percent_covered_display": "100.00", "missing_lines": 0, "excluded_lines": 0, "num_branches": 0, "num_partial_branches": 0, "covered_branches": 0, "missing_branches": 0}, "missing_lines": [], "excluded_lines": [], "executed_branches": [], "missing_branches": []}}, "classes": {"ProgressInfo": {"executed_lines": [59, 60, 62, 64, 65, 66, 67, 68, 69, 71, 72, 73, 82, 83, 84, 85, 86, 87, 89, 90, 91], "summary": {"covered_lines": 21, "num_statements": 21, "percent_covered": 100.0, "percent_covered_display": "100.00", "missing_lines": 0, "excluded_lines": 0, "num_branches": 10, "num_partial_branches": 0, "covered_branches": 10, "missing_branches": 0}, "missing_lines": [], "excluded_lines": [], "executed_branches": [[59, 60], [59, 62], [64, 65], [64, 66], [66, 67], [66, 71], [82, 83], [82, 84], [84, 85], [84, 89]], "missing_branches": []}, "SimpleProgressTracker": {"executed_lines": [144, 145, 146, 147, 149, 150, 151, 154, 172, 175, 176, 179, 180, 183, 184, 185, 188, 193, 196, 197, 198, 200, 203, 213, 214, 216, 224, 225, 226, 227, 240, 241, 243, 244, 245, 246, 248, 249, 251], "summary": {"covered_lines": 39, "num_statements": 40, "percent_covered": 96.0, "percent_covered_display": "96.00", "missing_lines": 1, "excluded_lines": 0, "num_branches": 10, "num_partial_branches": 1, "covered_branches": 9, "missing_branches": 1}, "missing_lines": [190], "excluded_lines": [], "executed_branches": [[179, 180], [184, 185], [184, 188], [197, 198], [197, 200], [213, 214], [213, 216], [243, 244], [243, 248]], "missing_branches": [[179, 190]]}, "": {"executed_lines": [1, 20, 21, 22, 23, 25, 28, 29, 30, 44, 45, 46, 47, 48, 49, 51, 52, 75, 76, 94, 95, 124, 156, 218, 229], "summary": {"covered_lines": 22, "num_statements": 22, "percent_covered": 100.0, "percent_covered_display": "100.00", "missing_lines": 0, "excluded_lines": 0, "num_branches": 0, "num_partial_branches": 0, "covered_branches": 0, "missing_branches": 0}, "missing_lines": [], "excluded_lines": [], "executed_branches": [], "missing_branches": []}}}, "core/protocols.py": {"executed_lines": [1, 9, 12, 13, 31, 32, 33, 34, 35, 38, 39, 40, 41, 44, 45, 58, 59, 60, 61, 62], "summary": {"covered_lines": 1, "num_statements": 1, "percent_covered": 100.0, "percent_covered_display": "100.00", "missing_lines": 0, "excluded_lines": 49, "num_branches": 0, "num_partial_branches": 0, "covered_branches": 0, "missing_branches": 0}, "missing_lines": [], "excluded_lines": [12, 13, 14, 15, 16, 17, 18, 19, 20, 21, 22, 23, 24, 25, 26, 27, 28, 29, 30, 31, 32, 33, 34, 35, 36, 37, 38, 39, 40, 41, 44, 45, 46, 47, 48, 49, 50, 51, 52, 53, 54, 55, 56, 57, 58, 59, 60, 61, 62], "executed_branches": [], "missing_branches": [], "functions": {"": {"executed_lines": [1, 9, 12, 13, 31, 32, 33, 34, 35, 38, 39, 40, 41, 44, 45, 58, 59, 60, 61, 62], "summary": {"covered_lines": 1, "num_statements": 1, "percent_covered": 100.0, "percent_covered_display": "100.00", "missing_lines": 0, "excluded_lines": 49, "num_branches": 0, "num_partial_branches": 0, "covered_branches": 0, "missing_branches": 0}, "missing_lines": [], "excluded_lines": [12, 13, 14, 15, 16, 17, 18, 19, 20, 21, 22, 23, 24, 25, 26, 27, 28, 29, 30, 31, 32, 33, 34, 35, 36, 37, 38, 39, 40, 41, 44, 45, 46, 47, 48, 49, 50, 51, 52, 53, 54, 55, 56, 57, 58, 59, 60, 61, 62], "executed_branches": [], "missing_branches": []}}, "classes": {"ThumbnailParent": {"executed_lines": [], "summary": {"covered_lines": 0, "num_statements": 0, "percent_covered": 100.0, "percent_covered_display": "100.00", "missing_lines": 0, "excluded_lines": 0, "num_branches": 0, "num_partial_branches": 0, "covered_branches": 0, "missing_branches": 0}, "missing_lines": [], "excluded_lines": [], "executed_branches": [], "missing_branches": []}, "ProgressDialog": {"executed_lines": [], "summary": {"covered_lines": 0, "num_statements": 0, "percent_covered": 100.0, "percent_covered_display": "100.00", "missing_lines": 0, "excluded_lines": 0, "num_branches": 0, "num_partial_branches": 0, "covered_branches": 0, "missing_branches": 0}, "missing_lines": [], "excluded_lines": [], "executed_branches": [], "missing_branches": []}, "": {"executed_lines": [1, 9, 12, 13, 31, 32, 33, 34, 35, 38, 39, 40, 41, 44, 45, 58, 59, 60, 61, 62], "summary": {"covered_lines": 1, "num_statements": 1, "percent_covered": 100.0, "percent_covered_display": "100.00", "missing_lines": 0, "excluded_lines": 49, "num_branches": 0, "num_partial_branches": 0, "covered_branches": 0, "missing_branches": 0}, "missing_lines": [], "excluded_lines": [12, 13, 14, 15, 16, 17, 18, 19, 20, 21, 22, 23, 24, 25, 26, 27, 28, 29, 30, 31, 32, 33, 34, 35, 36, 37, 38, 39, 40, 41, 44, 45, 46, 47, 48, 49, 50, 51, 52, 53, 54, 55, 56, 57, 58, 59, 60, 61, 62], "executed_branches": [], "missing_branches": []}}}, "core/thumbnail_generator.py": {"executed_lines": [1, 8, 9, 10, 11, 12, 14, 15, 16, 17, 19, 21, 24, 25, 68, 70, 71, 72, 73, 74, 75, 76, 77, 80, 82, 88, 89, 91, 92, 93, 94, 95, 97, 129, 130, 131, 132, 133, 134, 135, 136, 137, 139, 140, 141, 144, 145, 152, 154, 156, 160, 161, 169, 172, 174, 175, 176, 177, 180, 181, 183, 206, 208, 209, 211, 212, 214, 216, 218, 219, 220, 221, 223, 225, 230, 233, 236, 237, 245, 246, 248, 249, 251, 258, 259, 261, 277, 278, 279, 280, 281, 352, 391, 393, 394, 396, 402, 403, 405, 406, 407, 409, 411, 413, 414, 415, 416, 417, 419, 420, 423, 424, 425, 426, 428, 429, 430, 431, 435, 440, 444, 448, 449, 450, 454, 459, 462, 464, 465, 469, 472, 474, 475, 477, 480, 484, 485, 487, 489, 499, 505, 509, 511, 512, 514, 519, 520, 521, 522, 525, 526, 527, 530, 531, 534, 545, 546, 548, 550, 551, 552, 563, 564, 566, 567, 568, 570, 572, 573, 574, 577, 578, 579, 580, 601, 602, 603, 604, 605, 606, 608, 610, 611, 614, 620, 621, 628, 629, 634, 635, 646, 647, 650, 651, 652, 655, 658, 661, 674, 675, 676, 677, 680, 682, 685, 686, 687, 688, 699, 700, 701, 703, 706, 707, 709, 710, 711, 714, 716, 717, 718, 722, 723, 725, 726, 727, 729, 730, 731, 732, 733, 737, 738, 739, 744, 745, 748, 749, 750, 752, 760, 786, 787, 792, 803, 804, 805, 817, 834, 836, 837, 839, 841, 842, 843, 846, 847, 849, 850, 851, 852, 854, 856, 861, 862, 864, 866, 867, 868, 869, 871, 872, 873, 874, 875, 879, 881, 886, 894, 896, 898, 900, 902, 903, 904, 905, 906, 909, 911, 913, 914, 925, 927, 928, 929, 934, 936, 946], "summary": {"covered_lines": 296, "num_statements": 384, "percent_covered": 75.42735042735043, "percent_covered_display": "75.43", "missing_lines": 88, "excluded_lines": 0, "num_branches": 84, "num_partial_branches": 17, "covered_branches": 57, "missing_branches": 27}, "missing_lines": [284, 285, 287, 288, 289, 292, 293, 294, 296, 299, 300, 301, 302, 305, 306, 308, 309, 311, 314, 316, 317, 318, 322, 323, 325, 327, 328, 333, 334, 335, 340, 341, 342, 347, 348, 349, 350, 397, 398, 399, 445, 451, 455, 456, 457, 491, 493, 496, 582, 583, 586, 587, 588, 589, 590, 594, 595, 662, 663, 734, 735, 741, 742, 761, 775, 857, 858, 888, 889, 916, 917, 918, 919, 923, 948, 949, 951, 952, 957, 958, 959, 964, 965, 966, 971, 972, 973, 974], "excluded_lines": [], "executed_branches": [[139, 140], [139, 172], [176, 177], [176, 180], [208, 209], [208, 258], [214, 216], [214, 233], [236, 237], [236, 245], [246, 248], [246, 251], [428, 429], [450, 454], [454, 459], [485, 487], [485, 489], [489, 499], [525, 526], [525, 530], [550, 551], [550, 563], [572, 573], [572, 577], [577, 578], [602, 603], [602, 608], [661, 674], [687, 688], [699, 700], [716, 717], [725, 726], [725, 744], [730, 731], [730, 737], [737, 738], [748, 749], [748, 752], [836, 837], [836, 839], [841, 842], [841, 846], [849, 850], [851, 852], [851, 854], [856, 861], [864, 866], [867, 868], [872, 873], [872, 881], [886, 894], [903, 904], [903, 927], [909, 911], [909, 914], [914, 925], [927, 928]], "missing_branches": [[299, 300], [299, 305], [305, 306], [305, 308], [316, 317], [316, 322], [428, 440], [450, 451], [454, 455], [489, 491], [577, 582], [586, 587], [586, 594], [661, 662], [687, 699], [699, 548], [716, 722], [737, 741], [849, 856], [856, 857], [864, 886], [867, 864], [886, 888], [914, 916], [918, 919], [918, 923], [927, 948]], "functions": {"ThumbnailGenerator.__init__": {"executed_lines": [70, 71, 72, 73, 74, 75, 76, 77, 80], "summary": {"covered_lines": 9, "num_statements": 9, "percent_covered": 100.0, "percent_covered_display": "100.00", "missing_lines": 0, "excluded_lines": 0, "num_branches": 0, "num_partial_branches": 0, "covered_branches": 0, "missing_branches": 0}, "missing_lines": [], "excluded_lines": [], "executed_branches": [], "missing_branches": []}, "ThumbnailGenerator._check_rust_availability": {"executed_lines": [88, 89, 91, 92, 93, 94, 95], "summary": {"covered_lines": 7, "num_statements": 7, "percent_covered": 100.0, "percent_covered_display": "100.00", "missing_lines": 0, "excluded_lines": 0, "num_branches": 0, "num_partial_branches": 0, "covered_branches": 0, "missing_branches": 0}, "missing_lines": [], "excluded_lines": [], "executed_branches": [], "missing_branches": []}, "ThumbnailGenerator.calculate_total_thumbnail_work": {"executed_lines": [129, 130, 131, 132, 133, 134, 135, 136, 137, 139, 140, 141, 144, 145, 152, 154, 156, 160, 161, 169, 172, 174, 175, 176, 177, 180, 181], "summary": {"covered_lines": 27, "num_statements": 27, "percent_covered": 100.0, "percent_covered_display": "100.00", "missing_lines": 0, "excluded_lines": 0, "num_branches": 4, "num_partial_branches": 0, "covered_branches": 4, "missing_branches": 0}, "missing_lines": [], "excluded_lines": [], "executed_branches": [[139, 140], [139, 172], [176, 177], [176, 180]], "missing_branches": []}, "ThumbnailGenerator.generate": {"executed_lines": [206, 208, 209, 211, 212, 214, 216, 223, 233, 236, 237, 245, 246, 248, 249, 251, 258, 259], "summary": {"covered_lines": 18, "num_statements": 18, "percent_covered": 100.0, "percent_covered_display": "100.00", "missing_lines": 0, "excluded_lines": 0, "num_branches": 8, "num_partial_branches": 0, "covered_branches": 8, "missing_branches": 0}, "missing_lines": [], "excluded_lines": [], "executed_branches": [[208, 209], [208, 258], [214, 216], [214, 233], [236, 237], [236, 245], [246, 248], [246, 251]], "missing_branches": []}, "ThumbnailGenerator.generate.progress_callback": {"executed_lines": [218, 219, 220, 221], "summary": {"covered_lines": 4, "num_statements": 4, "percent_covered": 100.0, "percent_covered_display": "100.00", "missing_lines": 0, "excluded_lines": 0, "num_branches": 0, "num_partial_branches": 0, "covered_branches": 0, "missing_branches": 0}, "missing_lines": [], "excluded_lines": [], "executed_branches": [], "missing_branches": []}, "ThumbnailGenerator.generate.cancel_check": {"executed_lines": [225, 230], "summary": {"covered_lines": 2, "num_statements": 2, "percent_covered": 100.0, "percent_covered_display": "100.00", "missing_lines": 0, "excluded_lines": 0, "num_branches": 0, "num_partial_branches": 0, "covered_branches": 0, "missing_branches": 0}, "missing_lines": [], "excluded_lines": [], "executed_branches": [], "missing_branches": []}, "ThumbnailGenerator.generate_rust": {"executed_lines": [277, 278, 279, 280, 281], "summary": {"covered_lines": 5, "num_statements": 34, "percent_covered": 13.88888888888889, "percent_covered_display": "13.89", "missing_lines": 29, "excluded_lines": 0, "num_branches": 2, "num_partial_branches": 0, "covered_branches": 0, "missing_branches": 2}, "missing_lines": [284, 285, 287, 288, 289, 292, 293, 294, 296, 311, 314, 316, 317, 318, 322, 323, 325, 327, 328, 333, 334, 335, 340, 341, 342, 347, 348, 349, 350], "excluded_lines": [], "executed_branches": [], "missing_branches": [[316, 317], [316, 322]]}, "ThumbnailGenerator.generate_rust.internal_progress_callback": {"executed_lines": [], "summary": {"covered_lines": 0, "num_statements": 8, "percent_covered": 0.0, "percent_covered_display": "0.00", "missing_lines": 8, "excluded_lines": 0, "num_branches": 4, "num_partial_branches": 0, "covered_branches": 0, "missing_branches": 4}, "missing_lines": [299, 300, 301, 302, 305, 306, 308, 309], "excluded_lines": [], "executed_branches": [], "missing_branches": [[299, 300], [299, 305], [305, 306], [305, 308]]}, "ThumbnailGenerator.generate_python": {"executed_lines": [391, 393, 394, 396, 402, 403, 405, 406, 407, 409, 411, 413, 414, 415, 416, 417, 419, 420, 423, 424, 425, 426, 428, 429, 430, 431, 435, 440, 444, 448, 449, 450, 454, 459, 462, 464, 465, 469, 472, 474, 475, 477, 480, 484, 485, 487, 489, 499, 505, 509, 511, 512, 514, 519, 520, 521, 522, 525, 526, 527, 530, 531, 534, 545, 546, 548, 550, 551, 552, 563, 564, 566, 567, 568, 570, 572, 573, 574, 577, 578, 579, 580, 601, 602, 603, 604, 605, 606, 608, 610, 611, 614, 620, 621, 628, 629, 634, 635, 646, 647, 650, 651, 652, 655, 658, 661, 674, 675, 676, 677, 680, 682, 685, 686, 687, 688, 699, 700, 701, 703, 706, 707, 709, 710, 711, 714, 716, 717, 718, 722, 723, 725, 726, 727, 729, 730, 731, 732, 733, 737, 738, 739, 744, 745, 748, 749, 750, 752, 760, 786, 787, 792, 803, 804, 805], "summary": {"covered_lines": 155, "num_statements": 183, "percent_covered": 81.90045248868778, "percent_covered_display": "81.90", "missing_lines": 28, "excluded_lines": 0, "num_branches": 38, "num_partial_branches": 10, "covered_branches": 26, "missing_branches": 12}, "missing_lines": [397, 398, 399, 445, 451, 455, 456, 457, 491, 493, 496, 582, 583, 586, 587, 588, 589, 590, 594, 595, 662, 663, 734, 735, 741, 742, 761, 775], "excluded_lines": [], "executed_branches": [[428, 429], [450, 454], [454, 459], [485, 487], [485, 489], [489, 499], [525, 526], [525, 530], [550, 551], [550, 563], [572, 573], [572, 577], [577, 578], [602, 603], [602, 608], [661, 674], [687, 688], [699, 700], [716, 717], [725, 726], [725, 744], [730, 731], [730, 737], [737, 738], [748, 749], [748, 752]], "missing_branches": [[428, 440], [450, 451], [454, 455], [489, 491], [577, 582], [586, 587], [586, 594], [661, 662], [687, 699], [699, 548], [716, 722], [737, 741]]}, "ThumbnailGenerator.load_thumbnail_data": {"executed_lines": [834, 836, 837, 839, 841, 842, 843, 846, 847, 849, 850, 851, 852, 854, 856, 861, 862, 864, 866, 867, 868, 869, 871, 872, 873, 874, 875, 879, 881, 886, 894, 896, 898, 900, 902, 903, 904, 905, 906, 909, 911, 913, 914, 925, 927, 928, 929, 934, 936, 946], "summary": {"covered_lines": 50, "num_statements": 73, "percent_covered": 68.31683168316832, "percent_covered_display": "68.32", "missing_lines": 23, "excluded_lines": 0, "num_branches": 28, "num_partial_branches": 7, "covered_branches": 19, "missing_branches": 9}, "missing_lines": [857, 858, 888, 889, 916, 917, 918, 919, 923, 948, 949, 951, 952, 957, 958, 959, 964, 965, 966, 971, 972, 973, 974], "excluded_lines": [], "executed_branches": [[836, 837], [836, 839], [841, 842], [841, 846], [849, 850], [851, 852], [851, 854], [856, 861], [864, 866], [867, 868], [872, 873], [872, 881], [886, 894], [903, 904], [903, 927], [909, 911], [909, 914], [914, 925], [927, 928]], "missing_branches": [[849, 856], [856, 857], [864, 886], [867, 864], [886, 888], [914, 916], [918, 919], [918, 923], [927, 948]]}, "": {"executed_lines": [1, 8, 9, 10, 11, 12, 14, 15, 16, 17, 19, 21, 24, 25, 68, 82, 97, 183, 261, 352, 817], "summary": {"covered_lines": 19, "num_statements": 19, "percent_covered": 100.0, "percent_covered_display": "100.00", "missing_lines": 0, "excluded_lines": 0, "num_branches": 0, "num_partial_branches": 0, "covered_branches": 0, "missing_branches": 0}, "missing_lines": [], "excluded_lines": [], "executed_branches": [], "missing_branches": []}}, "classes": {"ThumbnailGenerator": {"executed_lines": [70, 71, 72, 73, 74, 75, 76, 77, 80, 88, 89, 91, 92, 93, 94, 95, 129, 130, 131, 132, 133, 134, 135, 136, 137, 139, 140, 141, 144, 145, 152, 154, 156, 160, 161, 169, 172, 174, 175, 176, 177, 180, 181, 206, 208, 209, 211, 212, 214, 216, 218, 219, 220, 221, 223, 225, 230, 233, 236, 237, 245, 246, 248, 249, 251, 258, 259, 277, 278, 279, 280, 281, 391, 393, 394, 396, 402, 403, 405, 406, 407, 409, 411, 413, 414, 415, 416, 417, 419, 420, 423, 424, 425, 426, 428, 429, 430, 431, 435, 440, 444, 448, 449, 450, 454, 459, 462, 464, 465, 469, 472, 474, 475, 477, 480, 484, 485, 487, 489, 499, 505, 509, 511, 512, 514, 519, 520, 521, 522, 525, 526, 527, 530, 531, 534, 545, 546, 548, 550, 551, 552, 563, 564, 566, 567, 568, 570, 572, 573, 574, 577, 578, 579, 580, 601, 602, 603, 604, 605, 606, 608, 610, 611, 614, 620, 621, 628, 629, 634, 635, 646, 647, 650, 651, 652, 655, 658, 661, 674, 675, 676, 677, 680, 682, 685, 686, 687, 688, 699, 700, 701, 703, 706, 707, 709, 710, 711, 714, 716, 717, 718, 722, 723, 725, 726, 727, 729, 730, 731, 732, 733, 737, 738, 739, 744, 745, 748, 749, 750, 752, 760, 786, 787, 792, 803, 804, 805, 834, 836, 837, 839, 841, 842, 843, 846, 847, 849, 850, 851, 852, 854, 856, 861, 862, 864, 866, 867, 868, 869, 871, 872, 873, 874, 875, 879, 881, 886, 894, 896, 898, 900, 902, 903, 904, 905, 906, 909, 911, 913, 914, 925, 927, 928, 929, 934, 936, 946], "summary": {"covered_lines": 277, "num_statements": 365, "percent_covered": 74.38752783964365, "percent_covered_display": "74.39", "missing_lines": 88, "excluded_lines": 0, "num_branches": 84, "num_partial_branches": 17, "covered_branches": 57, "missing_branches": 27}, "missing_lines": [284, 285, 287, 288, 289, 292, 293, 294, 296, 299, 300, 301, 302, 305, 306, 308, 309, 311, 314, 316, 317, 318, 322, 323, 325, 327, 328, 333, 334, 335, 340, 341, 342, 347, 348, 349, 350, 397, 398, 399, 445, 451, 455, 456, 457, 491, 493, 496, 582, 583, 586, 587, 588, 589, 590, 594, 595, 662, 663, 734, 735, 741, 742, 761, 775, 857, 858, 888, 889, 916, 917, 918, 919, 923, 948, 949, 951, 952, 957, 958, 959, 964, 965, 966, 971, 972, 973, 974], "excluded_lines": [], "executed_branches": [[139, 140], [139, 172], [176, 177], [176, 180], [208, 209], [208, 258], [214, 216], [214, 233], [236, 237], [236, 245], [246, 248], [246, 251], [428, 429], [450, 454], [454, 459], [485, 487], [485, 489], [489, 499], [525, 526], [525, 530], [550, 551], [550, 563], [572, 573], [572, 577], [577, 578], [602, 603], [602, 608], [661, 674], [687, 688], [699, 700], [716, 717], [725, 726], [725, 744], [730, 731], [730, 737], [737, 738], [748, 749], [748, 752], [836, 837], [836, 839], [841, 842], [841, 846], [849, 850], [851, 852], [851, 854], [856, 861], [864, 866], [867, 868], [872, 873], [872, 881], [886, 894], [903, 904], [903, 927], [909, 911], [909, 914], [914, 925], [927, 928]], "missing_branches": [[299, 300], [299, 305], [305, 306], [305, 308], [316, 317], [316, 322], [428, 440], [450, 451], [454, 455], [489, 491], [577, 582], [586, 587], [586, 594], [661, 662], [687, 699], [699, 548], [716, 722], [737, 741], [849, 856], [856, 857], [864, 886], [867, 864], [886, 888], [914, 916], [918, 919], [918, 923], [927, 948]]}, "": {"executed_lines": [1, 8, 9, 10, 11, 12, 14, 15, 16, 17, 19, 21, 24, 25, 68, 82, 97, 183, 261, 352, 817], "summary": {"covered_lines": 19, "num_statements": 19, "percent_covered": 100.0, "percent_covered_display": "100.00", "missing_lines": 0, "excluded_lines": 0, "num_branches": 0, "num_partial_branches": 0, "covered_branches": 0, "missing_branches": 0}, "missing_lines": [], "excluded_lines": [], "executed_branches": [], "missing_branches": []}}}, "core/thumbnail_manager.py": {"executed_lines": [1, 26, 27, 28, 29, 31, 32, 33, 34, 36, 37, 38, 40, 43, 44, 76, 92, 93, 94, 95, 98, 99, 113, 114, 117, 120, 121, 122, 123, 124, 125, 128, 131, 132, 133, 136, 137, 141, 143, 146, 162, 168, 172, 174, 175, 178, 179, 185, 215, 217, 219, 224, 226, 242, 245, 249, 257, 259, 553, 614, 615, 617, 619, 620, 621, 622, 623, 624, 626, 627, 631, 632, 634, 636, 639, 641, 643, 644, 646, 647, 650, 651, 654, 660, 661, 666, 667, 668, 669, 672, 673, 674, 675, 677, 678, 689, 692, 698, 699, 700, 701, 704, 720, 721, 722, 724, 725, 729, 732, 740, 753, 754, 759, 760, 761, 762, 765, 766, 767, 771, 772, 774, 775, 780, 781, 784, 785, 788, 791, 794, 796, 797, 798, 799, 800, 802, 803, 804, 805, 808, 809, 811, 814, 847, 849, 867, 868, 869, 870, 873, 874, 875, 876, 877, 878, 882, 883, 884, 887, 888, 889, 890, 895, 897, 899, 900, 919, 921, 923, 925, 926, 929, 934, 937, 940, 944, 945, 981, 982, 984, 987, 988, 994, 996, 1000, 1001, 1002, 1003, 1006, 1007, 1009, 1012, 1019, 1061, 1110, 1202, 1205, 1209, 1210, 1234, 1235, 1248], "summary": {"covered_lines": 200, "num_statements": 487, "percent_covered": 38.045112781954884, "percent_covered_display": "38.05", "missing_lines": 287, "excluded_lines": 0, "num_branches": 178, "num_partial_branches": 31, "covered_branches": 53, "missing_branches": 125}, "missing_lines": [102, 104, 105, 108, 142, 149, 150, 152, 153, 155, 156, 157, 159, 163, 164, 180, 181, 182, 183, 243, 246, 250, 255, 300, 301, 302, 304, 305, 307, 308, 310, 312, 313, 314, 315, 317, 318, 321, 323, 330, 331, 338, 341, 342, 343, 344, 346, 349, 352, 353, 355, 357, 358, 359, 360, 361, 362, 375, 376, 377, 378, 380, 382, 383, 384, 386, 388, 389, 391, 392, 393, 394, 395, 396, 397, 398, 399, 400, 401, 402, 403, 404, 415, 416, 417, 418, 419, 420, 421, 422, 423, 424, 425, 426, 427, 428, 440, 441, 443, 445, 447, 450, 451, 454, 458, 459, 461, 462, 463, 464, 474, 475, 485, 486, 493, 494, 499, 500, 503, 504, 505, 507, 510, 511, 514, 515, 518, 519, 520, 521, 522, 525, 527, 531, 532, 535, 536, 537, 538, 539, 541, 544, 546, 547, 550, 551, 635, 657, 682, 684, 685, 705, 708, 709, 710, 711, 713, 714, 715, 726, 727, 733, 734, 815, 816, 817, 821, 825, 828, 829, 830, 831, 835, 836, 839, 842, 844, 845, 850, 851, 856, 857, 858, 859, 860, 861, 863, 864, 938, 991, 992, 997, 998, 1013, 1014, 1015, 1020, 1021, 1024, 1025, 1026, 1027, 1030, 1031, 1032, 1034, 1035, 1036, 1037, 1039, 1041, 1044, 1045, 1048, 1053, 1054, 1057, 1058, 1062, 1063, 1066, 1067, 1068, 1069, 1072, 1073, 1074, 1076, 1077, 1078, 1079, 1081, 1083, 1086, 1087, 1090, 1095, 1098, 1099, 1102, 1103, 1104, 1107, 1111, 1114, 1115, 1120, 1123, 1124, 1125, 1126, 1129, 1130, 1131, 1133, 1136, 1137, 1142, 1145, 1146, 1151, 1153, 1154, 1157, 1160, 1162, 1167, 1173, 1176, 1177, 1178, 1179, 1181, 1184, 1187, 1188, 1189, 1192, 1195, 1196, 1198, 1199, 1227, 1229, 1230, 1231, 1232], "excluded_lines": [], "executed_branches": [[98, 99], [113, 114], [113, 120], [141, 143], [143, 146], [162, 168], [174, 175], [178, 179], [242, 245], [245, 249], [249, 257], [634, 636], [636, 639], [641, 643], [641, 660], [643, 644], [644, 646], [646, 647], [647, 650], [673, 674], [699, 700], [699, 704], [704, 720], [724, 725], [724, 784], [725, 729], [732, 740], [753, 754], [753, 759], [765, 766], [765, 771], [774, 775], [774, 780], [780, 781], [803, 804], [803, 849], [804, 805], [804, 809], [814, 847], [849, 867], [868, 869], [868, 873], [869, 870], [875, 876], [937, 940], [987, 988], [996, 1000], [1006, 1007], [1006, 1009], [1012, 1019], [1019, 1061], [1061, 1110], [1110, 1202]], "missing_branches": [[98, 102], [104, 105], [104, 113], [141, 142], [143, 149], [162, 163], [174, -172], [178, 180], [180, 181], [180, 182], [182, -172], [182, 183], [242, 243], [245, 246], [249, 250], [312, 313], [312, 546], [313, 314], [313, 317], [321, 323], [321, 341], [330, 331], [330, 338], [343, 344], [343, 346], [355, 357], [355, 375], [357, 358], [357, 503], [377, 378], [377, 380], [391, 392], [391, 415], [396, 397], [396, 398], [398, 399], [398, 400], [415, 416], [415, 440], [420, 421], [420, 422], [422, 423], [422, 424], [440, 441], [440, 503], [445, 447], [445, 450], [461, 462], [461, 503], [504, 505], [504, 507], [514, 515], [514, 518], [519, 520], [519, 521], [521, 522], [521, 525], [527, 531], [527, 535], [535, 312], [535, 536], [541, 312], [541, 544], [634, 635], [636, 641], [643, 660], [644, 657], [646, 660], [647, 646], [673, 682], [704, 705], [709, 710], [709, 714], [714, 715], [714, 720], [725, 726], [732, 733], [780, 724], [814, 815], [828, 829], [828, 844], [830, 831], [830, 847], [835, 836], [835, 847], [849, 850], [858, 859], [858, 863], [863, 864], [863, 867], [869, 868], [875, 897], [937, 938], [987, 991], [996, 997], [1012, 1013], [1019, 1020], [1030, 1031], [1030, 1034], [1034, 1035], [1034, 1036], [1036, 1037], [1036, 1039], [1061, 1062], [1072, 1073], [1072, 1076], [1076, 1077], [1076, 1078], [1078, 1079], [1078, 1081], [1098, 1099], [1098, 1107], [1110, 1111], [1129, 1130], [1129, 1133], [1145, 1146], [1145, 1162], [1151, 1153], [1151, 1162], [1176, 1177], [1176, 1178], [1178, 1179], [1178, 1181], [1187, 1188], [1187, 1198]], "functions": {"ThumbnailManager.__init__": {"executed_lines": [92, 93, 94, 95, 98, 99, 113, 114, 117, 120, 121, 122, 123, 124, 125, 128, 131, 132, 133, 136, 137, 141, 143, 146, 162, 168], "summary": {"covered_lines": 26, "num_statements": 41, "percent_covered": 60.37735849056604, "percent_covered_display": "60.38", "missing_lines": 15, "excluded_lines": 0, "num_branches": 12, "num_partial_branches": 4, "covered_branches": 6, "missing_branches": 6}, "missing_lines": [102, 104, 105, 108, 142, 149, 150, 152, 153, 155, 156, 157, 159, 163, 164], "excluded_lines": [], "executed_branches": [[98, 99], [113, 114], [113, 120], [141, 143], [143, 146], [162, 168]], "missing_branches": [[98, 102], [104, 105], [104, 113], [141, 142], [143, 149], [162, 163]]}, "ThumbnailManager._update_progress_text": {"executed_lines": [174, 175, 178, 179], "summary": {"covered_lines": 4, "num_statements": 8, "percent_covered": 37.5, "percent_covered_display": "37.50", "missing_lines": 4, "excluded_lines": 0, "num_branches": 8, "num_partial_branches": 2, "covered_branches": 2, "missing_branches": 6}, "missing_lines": [180, 181, 182, 183], "excluded_lines": [], "executed_branches": [[174, 175], [178, 179]], "missing_branches": [[174, -172], [178, 180], [180, 181], [180, 182], [182, -172], [182, 183]]}, "ThumbnailManager._determine_optimal_thread_count": {"executed_lines": [215, 217, 219, 224], "summary": {"covered_lines": 4, "num_statements": 4, "percent_covered": 100.0, "percent_covered_display": "100.00", "missing_lines": 0, "excluded_lines": 0, "num_branches": 0, "num_partial_branches": 0, "covered_branches": 0, "missing_branches": 0}, "missing_lines": [], "excluded_lines": [], "executed_branches": [], "missing_branches": []}, "ThumbnailManager.update_eta_and_progress": {"executed_lines": [242, 245, 249, 257], "summary": {"covered_lines": 4, "num_statements": 8, "percent_covered": 50.0, "percent_covered_display": "50.00", "missing_lines": 4, "excluded_lines": 0, "num_branches": 6, "num_partial_branches": 3, "covered_branches": 3, "missing_branches": 3}, "missing_lines": [243, 246, 250, 255], "excluded_lines": [], "executed_branches": [[242, 245], [245, 249], [249, 257]], "missing_branches": [[242, 243], [245, 246], [249, 250]]}, "ThumbnailManager.process_level_sequential": {"executed_lines": [], "summary": {"covered_lines": 0, "num_statements": 123, "percent_covered": 0.0, "percent_covered_display": "0.00", "missing_lines": 123, "excluded_lines": 0, "num_branches": 48, "num_partial_branches": 0, "covered_branches": 0, "missing_branches": 48}, "missing_lines": [300, 301, 302, 304, 305, 307, 308, 310, 312, 313, 314, 315, 317, 318, 321, 323, 330, 331, 338, 341, 342, 343, 344, 346, 349, 352, 353, 355, 357, 358, 359, 360, 361, 362, 375, 376, 377, 378, 380, 382, 383, 384, 386, 388, 389, 391, 392, 393, 394, 395, 396, 397, 398, 399, 400, 401, 402, 403, 404, 415, 416, 417, 418, 419, 420, 421, 422, 423, 424, 425, 426, 427, 428, 440, 441, 443, 445, 447, 450, 451, 454, 458, 459, 461, 462, 463, 464, 474, 475, 485, 486, 493, 494, 499, 500, 503, 504, 505, 507, 510, 511, 514, 515, 518, 519, 520, 521, 522, 525, 527, 531, 532, 535, 536, 537, 538, 539, 541, 544, 546, 547, 550, 551], "excluded_lines": [], "executed_branches": [], "missing_branches": [[312, 313], [312, 546], [313, 314], [313, 317], [321, 323], [321, 341], [330, 331], [330, 338], [343, 344], [343, 346], [355, 357], [355, 375], [357, 358], [357, 503], [377, 378], [377, 380], [391, 392], [391, 415], [396, 397], [396, 398], [398, 399], [398, 400], [415, 416], [415, 440], [420, 421], [420, 422], [422, 423], [422, 424], [440, 441], [440, 503], [445, 447], [445, 450], [461, 462], [461, 503], [504, 505], [504, 507], [514, 515], [514, 518], [519, 520], [519, 521], [521, 522], [521, 525], [527, 531], [527, 535], [535, 312], [535, 536], [541, 312], [541, 544]]}, "ThumbnailManager.process_level": {"executed_lines": [614, 615, 617, 619, 620, 621, 622, 623, 624, 626, 627, 631, 632, 634, 636, 639, 641, 643, 644, 646, 647, 650, 651, 654, 660, 661, 666, 667, 668, 669, 672, 673, 674, 675, 677, 678, 689, 692, 698, 699, 700, 701, 704, 720, 721, 722, 724, 725, 729, 732, 740, 753, 754, 759, 760, 761, 762, 765, 766, 767, 771, 772, 774, 775, 780, 781, 784, 785, 788, 791, 794, 796, 797, 798, 799, 800, 802, 803, 804, 805, 808, 809, 811, 814, 847, 849, 867, 868, 869, 870, 873, 874, 875, 876, 877, 878, 882, 883, 884, 887, 888, 889, 890, 895, 897], "summary": {"covered_lines": 105, "num_statements": 147, "percent_covered": 66.02870813397129, "percent_covered_display": "66.03", "missing_lines": 42, "excluded_lines": 0, "num_branches": 62, "num_partial_branches": 15, "covered_branches": 33, "missing_branches": 29}, "missing_lines": [635, 657, 682, 684, 685, 705, 708, 709, 710, 711, 713, 714, 715, 726, 727, 733, 734, 815, 816, 817, 821, 825, 828, 829, 830, 831, 835, 836, 839, 842, 844, 845, 850, 851, 856, 857, 858, 859, 860, 861, 863, 864], "excluded_lines": [], "executed_branches": [[634, 636], [636, 639], [641, 643], [641, 660], [643, 644], [644, 646], [646, 647], [647, 650], [673, 674], [699, 700], [699, 704], [704, 720], [724, 725], [724, 784], [725, 729], [732, 740], [753, 754], [753, 759], [765, 766], [765, 771], [774, 775], [774, 780], [780, 781], [803, 804], [803, 849], [804, 805], [804, 809], [814, 847], [849, 867], [868, 869], [868, 873], [869, 870], [875, 876]], "missing_branches": [[634, 635], [636, 641], [643, 660], [644, 657], [646, 660], [647, 646], [673, 682], [704, 705], [709, 710], [709, 714], [714, 715], [714, 720], [725, 726], [732, 733], [780, 724], [814, 815], [828, 829], [828, 844], [830, 831], [830, 847], [835, 836], [835, 847], [849, 850], [858, 859], [858, 863], [863, 864], [863, 867], [869, 868], [875, 897]]}, "ThumbnailManager.on_worker_progress": {"executed_lines": [919, 921, 923, 925, 926, 929, 934, 937, 940], "summary": {"covered_lines": 9, "num_statements": 10, "percent_covered": 83.33333333333333, "percent_covered_display": "83.33", "missing_lines": 1, "excluded_lines": 0, "num_branches": 2, "num_partial_branches": 1, "covered_branches": 1, "missing_branches": 1}, "missing_lines": [938], "excluded_lines": [], "executed_branches": [[937, 940]], "missing_branches": [[937, 938]]}, "ThumbnailManager.on_worker_result": {"executed_lines": [981, 982, 984, 987, 988, 994, 996, 1000, 1001, 1002, 1003, 1006, 1007, 1009, 1012, 1019, 1061, 1110, 1202, 1205], "summary": {"covered_lines": 20, "num_statements": 113, "percent_covered": 18.30065359477124, "percent_covered_display": "18.30", "missing_lines": 93, "excluded_lines": 0, "num_branches": 40, "num_partial_branches": 6, "covered_branches": 8, "missing_branches": 32}, "missing_lines": [991, 992, 997, 998, 1013, 1014, 1015, 1020, 1021, 1024, 1025, 1026, 1027, 1030, 1031, 1032, 1034, 1035, 1036, 1037, 1039, 1041, 1044, 1045, 1048, 1053, 1054, 1057, 1058, 1062, 1063, 1066, 1067, 1068, 1069, 1072, 1073, 1074, 1076, 1077, 1078, 1079, 1081, 1083, 1086, 1087, 1090, 1095, 1098, 1099, 1102, 1103, 1104, 1107, 1111, 1114, 1115, 1120, 1123, 1124, 1125, 1126, 1129, 1130, 1131, 1133, 1136, 1137, 1142, 1145, 1146, 1151, 1153, 1154, 1157, 1160, 1162, 1167, 1173, 1176, 1177, 1178, 1179, 1181, 1184, 1187, 1188, 1189, 1192, 1195, 1196, 1198, 1199], "excluded_lines": [], "executed_branches": [[987, 988], [996, 1000], [1006, 1007], [1006, 1009], [1012, 1019], [1019, 1061], [1061, 1110], [1110, 1202]], "missing_branches": [[987, 991], [996, 997], [1012, 1013], [1019, 1020], [1030, 1031], [1030, 1034], [1034, 1035], [1034, 1036], [1036, 1037], [1036, 1039], [1061, 1062], [1072, 1073], [1072, 1076], [1076, 1077], [1076, 1078], [1078, 1079], [1078, 1081], [1098, 1099], [1098, 1107], [1110, 1111], [1129, 1130], [1129, 1133], [1145, 1146], [1145, 1162], [1151, 1153], [1151, 1162], [1176, 1177], [1176, 1178], [1178, 1179], [1178, 1181], [1187, 1188], [1187, 1198]]}, "ThumbnailManager.on_worker_error": {"executed_lines": [], "summary": {"covered_lines": 0, "num_statements": 5, "percent_covered": 0.0, "percent_covered_display": "0.00", "missing_lines": 5, "excluded_lines": 0, "num_branches": 0, "num_partial_branches": 0, "covered_branches": 0, "missing_branches": 0}, "missing_lines": [1227, 1229, 1230, 1231, 1232], "excluded_lines": [], "executed_branches": [], "missing_branches": []}, "ThumbnailManager.on_worker_finished": {"executed_lines": [1248], "summary": {"covered_lines": 1, "num_statements": 1, "percent_covered": 100.0, "percent_covered_display": "100.00", "missing_lines": 0, "excluded_lines": 0, "num_branches": 0, "num_partial_branches": 0, "covered_branches": 0, "missing_branches": 0}, "missing_lines": [], "excluded_lines": [], "executed_branches": [], "missing_branches": []}, "": {"executed_lines": [1, 26, 27, 28, 29, 31, 32, 33, 34, 36, 37, 38, 40, 43, 44, 76, 172, 185, 226, 259, 553, 899, 900, 944, 945, 1209, 1210, 1234, 1235], "summary": {"covered_lines": 27, "num_statements": 27, "percent_covered": 100.0, "percent_covered_display": "100.00", "missing_lines": 0, "excluded_lines": 0, "num_branches": 0, "num_partial_branches": 0, "covered_branches": 0, "missing_branches": 0}, "missing_lines": [], "excluded_lines": [], "executed_branches": [], "missing_branches": []}}, "classes": {"ThumbnailManager": {"executed_lines": [92, 93, 94, 95, 98, 99, 113, 114, 117, 120, 121, 122, 123, 124, 125, 128, 131, 132, 133, 136, 137, 141, 143, 146, 162, 168, 174, 175, 178, 179, 215, 217, 219, 224, 242, 245, 249, 257, 614, 615, 617, 619, 620, 621, 622, 623, 624, 626, 627, 631, 632, 634, 636, 639, 641, 643, 644, 646, 647, 650, 651, 654, 660, 661, 666, 667, 668, 669, 672, 673, 674, 675, 677, 678, 689, 692, 698, 699, 700, 701, 704, 720, 721, 722, 724, 725, 729, 732, 740, 753, 754, 759, 760, 761, 762, 765, 766, 767, 771, 772, 774, 775, 780, 781, 784, 785, 788, 791, 794, 796, 797, 798, 799, 800, 802, 803, 804, 805, 808, 809, 811, 814, 847, 849, 867, 868, 869, 870, 873, 874, 875, 876, 877, 878, 882, 883, 884, 887, 888, 889, 890, 895, 897, 919, 921, 923, 925, 926, 929, 934, 937, 940, 981, 982, 984, 987, 988, 994, 996, 1000, 1001, 1002, 1003, 1006, 1007, 1009, 1012, 1019, 1061, 1110, 1202, 1205, 1248], "summary": {"covered_lines": 173, "num_statements": 460, "percent_covered": 35.42319749216301, "percent_covered_display": "35.42", "missing_lines": 287, "excluded_lines": 0, "num_branches": 178, "num_partial_branches": 31, "covered_branches": 53, "missing_branches": 125}, "missing_lines": [102, 104, 105, 108, 142, 149, 150, 152, 153, 155, 156, 157, 159, 163, 164, 180, 181, 182, 183, 243, 246, 250, 255, 300, 301, 302, 304, 305, 307, 308, 310, 312, 313, 314, 315, 317, 318, 321, 323, 330, 331, 338, 341, 342, 343, 344, 346, 349, 352, 353, 355, 357, 358, 359, 360, 361, 362, 375, 376, 377, 378, 380, 382, 383, 384, 386, 388, 389, 391, 392, 393, 394, 395, 396, 397, 398, 399, 400, 401, 402, 403, 404, 415, 416, 417, 418, 419, 420, 421, 422, 423, 424, 425, 426, 427, 428, 440, 441, 443, 445, 447, 450, 451, 454, 458, 459, 461, 462, 463, 464, 474, 475, 485, 486, 493, 494, 499, 500, 503, 504, 505, 507, 510, 511, 514, 515, 518, 519, 520, 521, 522, 525, 527, 531, 532, 535, 536, 537, 538, 539, 541, 544, 546, 547, 550, 551, 635, 657, 682, 684, 685, 705, 708, 709, 710, 711, 713, 714, 715, 726, 727, 733, 734, 815, 816, 817, 821, 825, 828, 829, 830, 831, 835, 836, 839, 842, 844, 845, 850, 851, 856, 857, 858, 859, 860, 861, 863, 864, 938, 991, 992, 997, 998, 1013, 1014, 1015, 1020, 1021, 1024, 1025, 1026, 1027, 1030, 1031, 1032, 1034, 1035, 1036, 1037, 1039, 1041, 1044, 1045, 1048, 1053, 1054, 1057, 1058, 1062, 1063, 1066, 1067, 1068, 1069, 1072, 1073, 1074, 1076, 1077, 1078, 1079, 1081, 1083, 1086, 1087, 1090, 1095, 1098, 1099, 1102, 1103, 1104, 1107, 1111, 1114, 1115, 1120, 1123, 1124, 1125, 1126, 1129, 1130, 1131, 1133, 1136, 1137, 1142, 1145, 1146, 1151, 1153, 1154, 1157, 1160, 1162, 1167, 1173, 1176, 1177, 1178, 1179, 1181, 1184, 1187, 1188, 1189, 1192, 1195, 1196, 1198, 1199, 1227, 1229, 1230, 1231, 1232], "excluded_lines": [], "executed_branches": [[98, 99], [113, 114], [113, 120], [141, 143], [143, 146], [162, 168], [174, 175], [178, 179], [242, 245], [245, 249], [249, 257], [634, 636], [636, 639], [641, 643], [641, 660], [643, 644], [644, 646], [646, 647], [647, 650], [673, 674], [699, 700], [699, 704], [704, 720], [724, 725], [724, 784], [725, 729], [732, 740], [753, 754], [753, 759], [765, 766], [765, 771], [774, 775], [774, 780], [780, 781], [803, 804], [803, 849], [804, 805], [804, 809], [814, 847], [849, 867], [868, 869], [868, 873], [869, 870], [875, 876], [937, 940], [987, 988], [996, 1000], [1006, 1007], [1006, 1009], [1012, 1019], [1019, 1061], [1061, 1110], [1110, 1202]], "missing_branches": [[98, 102], [104, 105], [104, 113], [141, 142], [143, 149], [162, 163], [174, -172], [178, 180], [180, 181], [180, 182], [182, -172], [182, 183], [242, 243], [245, 246], [249, 250], [312, 313], [312, 546], [313, 314], [313, 317], [321, 323], [321, 341], [330, 331], [330, 338], [343, 344], [343, 346], [355, 357], [355, 375], [357, 358], [357, 503], [377, 378], [377, 380], [391, 392], [391, 415], [396, 397], [396, 398], [398, 399], [398, 400], [415, 416], [415, 440], [420, 421], [420, 422], [422, 423], [422, 424], [440, 441], [440, 503], [445, 447], [445, 450], [461, 462], [461, 503], [504, 505], [504, 507], [514, 515], [514, 518], [519, 520], [519, 521], [521, 522], [521, 525], [527, 531], [527, 535], [535, 312], [535, 536], [541, 312], [541, 544], [634, 635], [636, 641], [643, 660], [644, 657], [646, 660], [647, 646], [673, 682], [704, 705], [709, 710], [709, 714], [714, 715], [714, 720], [725, 726], [732, 733], [780, 724], [814, 815], [828, 829], [828, 844], [830, 831], [830, 847], [835, 836], [835, 847], [849, 850], [858, 859], [8
[...]
96], [194, 197], [197, 199], [197, 201], [206, 207], [206, 212], [207, 208], [207, 210]], "missing_branches": [[293, 294], [293, 296], [303, 304], [303, 306], [368, 369], [368, 371], [373, 374], [373, 375], [375, 377], [375, 378], [378, 380], [378, 382]]}}}, "utils/performance_logger.py": {"executed_lines": [1, 29, 30, 31, 32, 33, 35, 38, 39, 55, 62, 63, 64, 65, 67, 69, 71, 80, 81, 83, 84, 87, 100, 102, 104, 105, 107, 109, 110, 113, 140, 141, 143, 144, 145, 148, 155, 156, 157, 159, 160, 162, 163, 164, 165, 167, 172, 173, 175, 176, 177, 178, 179, 181, 186, 188, 190, 193, 194, 208, 210, 211, 213, 214, 215, 216, 217, 218, 219, 221, 225, 227, 228, 229, 231], "summary": {"covered_lines": 73, "num_statements": 73, "percent_covered": 100.0, "percent_covered_display": "100.00", "missing_lines": 0, "excluded_lines": 0, "num_branches": 4, "num_partial_branches": 0, "covered_branches": 4, "missing_branches": 0}, "missing_lines": [], "excluded_lines": [], "executed_branches": [[80, 81], [80, 83], [155, 156], [155, 159]], "missing_branches": [], "functions": {"PerformanceTimer.__init__": {"executed_lines": [62, 63, 64, 65], "summary": {"covered_lines": 4, "num_statements": 4, "percent_covered": 100.0, "percent_covered_display": "100.00", "missing_lines": 0, "excluded_lines": 0, "num_branches": 0, "num_partial_branches": 0, "covered_branches": 0, "missing_branches": 0}, "missing_lines": [], "excluded_lines": [], "executed_branches": [], "missing_branches": []}, "PerformanceTimer.start": {"executed_lines": [69], "summary": {"covered_lines": 1, "num_statements": 1, "percent_covered": 100.0, "percent_covered_display": "100.00", "missing_lines": 0, "excluded_lines": 0, "num_branches": 0, "num_partial_branches": 0, "covered_branches": 0, "missing_branches": 0}, "missing_lines": [], "excluded_lines": [], "executed_branches": [], "missing_branches": []}, "PerformanceTimer.stop": {"executed_lines": [80, 81, 83, 84, 87, 100], "summary": {"covered_lines": 6, "num_statements": 6, "percent_covered": 100.0, "percent_covered_display": "100.00", "missing_lines": 0, "excluded_lines": 0, "num_branches": 2, "num_partial_branches": 0, "covered_branches": 2, "missing_branches": 0}, "missing_lines": [], "excluded_lines": [], "executed_branches": [[80, 81], [80, 83]], "missing_branches": []}, "PerformanceTimer.__enter__": {"executed_lines": [104, 105], "summary": {"covered_lines": 2, "num_statements": 2, "percent_covered": 100.0, "percent_covered_display": "100.00", "missing_lines": 0, "excluded_lines": 0, "num_branches": 0, "num_partial_branches": 0, "covered_branches": 0, "missing_branches": 0}, "missing_lines": [], "excluded_lines": [], "executed_branches": [], "missing_branches": []}, "PerformanceTimer.__exit__": {"executed_lines": [109, 110], "summary": {"covered_lines": 2, "num_statements": 2, "percent_covered": 100.0, "percent_covered_display": "100.00", "missing_lines": 0, "excluded_lines": 0, "num_branches": 0, "num_partial_branches": 0, "covered_branches": 0, "missing_branches": 0}, "missing_lines": [], "excluded_lines": [], "executed_branches": [], "missing_branches": []}, "log_performance": {"executed_lines": [140, 190], "summary": {"covered_lines": 2, "num_statements": 2, "percent_covered": 100.0, "percent_covered_display": "100.00", "missing_lines": 0, "excluded_lines": 0, "num_branches": 0, "num_partial_branches": 0, "covered_branches": 0, "missing_branches": 0}, "missing_lines": [], "excluded_lines": [], "executed_branches": [], "missing_branches": []}, "log_performance.decorator": {"executed_lines": [141, 143, 144, 188], "summary": {"covered_lines": 4, "num_statements": 4, "percent_covered": 100.0, "percent_covered_display": "100.00", "missing_lines": 0, "excluded_lines": 0, "num_branches": 0, "num_partial_branches": 0, "covered_branches": 0, "missing_branches": 0}, "missing_lines": [], "excluded_lines": [], "executed_branches": [], "missing_branches": []}, "log_performance.decorator.wrapper": {"executed_lines": [145, 148, 155, 156, 157, 159, 160, 162, 163, 164, 165, 167, 172, 173, 175, 176, 177, 178, 179, 181, 186], "summary": {"covered_lines": 21, "num_statements": 21, "percent_covered": 100.0, "percent_covered_display": "100.00", "missing_lines": 0, "excluded_lines": 0, "num_branches": 2, "num_partial_branches": 0, "covered_branches": 2, "missing_branches": 0}, "missing_lines": [], "excluded_lines": [], "executed_branches": [[155, 156], [155, 159]], "missing_branches": []}, "log_performance_context": {"executed_lines": [208, 210, 211, 213, 214, 215, 216, 217, 218, 219, 221, 225, 227, 228, 229, 231], "summary": {"covered_lines": 16, "num_statements": 16, "percent_covered": 100.0, "percent_covered_display": "100.00", "missing_lines": 0, "excluded_lines": 0, "num_branches": 0, "num_partial_branches": 0, "covered_branches": 0, "missing_branches": 0}, "missing_lines": [], "excluded_lines": [], "executed_branches": [], "missing_branches": []}, "": {"executed_lines": [1, 29, 30, 31, 32, 33, 35, 38, 39, 55, 67, 71, 102, 107, 113, 193, 194], "summary": {"covered_lines": 15, "num_statements": 15, "percent_covered": 100.0, "percent_covered_display": "100.00", "missing_lines": 0, "excluded_lines": 0, "num_branches": 0, "num_partial_branches": 0, "covered_branches": 0, "missing_branches": 0}, "missing_lines": [], "excluded_lines": [], "executed_branches": [], "missing_branches": []}}, "classes": {"PerformanceTimer": {"executed_lines": [62, 63, 64, 65, 69, 80, 81, 83, 84, 87, 100, 104, 105, 109, 110], "summary": {"covered_lines": 15, "num_statements": 15, "percent_covered": 100.0, "percent_covered_display": "100.00", "missing_lines": 0, "excluded_lines": 0, "num_branches": 2, "num_partial_branches": 0, "covered_branches": 2, "missing_branches": 0}, "missing_lines": [], "excluded_lines": [], "executed_branches": [[80, 81], [80, 83]], "missing_branches": []}, "": {"executed_lines": [1, 29, 30, 31, 32, 33, 35, 38, 39, 55, 67, 71, 102, 107, 113, 140, 141, 143, 144, 145, 148, 155, 156, 157, 159, 160, 162, 163, 164, 165, 167, 172, 173, 175, 176, 177, 178, 179, 181, 186, 188, 190, 193, 194, 208, 210, 211, 213, 214, 215, 216, 217, 218, 219, 221, 225, 227, 228, 229, 231], "summary": {"covered_lines": 58, "num_statements": 58, "percent_covered": 100.0, "percent_covered_display": "100.00", "missing_lines": 0, "excluded_lines": 0, "num_branches": 2, "num_partial_branches": 0, "covered_branches": 2, "missing_branches": 0}, "missing_lines": [], "excluded_lines": [], "executed_branches": [[155, 156], [155, 159]], "missing_branches": []}}}, "utils/settings_manager.py": {"executed_lines": [1, 40, 41, 42, 43, 44, 46, 48, 51, 52, 79, 81, 97, 99, 102, 104, 105, 108, 111, 112, 113, 115, 118, 120, 121, 122, 123, 124, 125, 132, 166, 168, 169, 170, 171, 172, 178, 179, 181, 183, 184, 185, 186, 190, 201, 202, 204, 205, 206, 210, 212, 220, 221, 224, 225, 227, 230, 232, 238, 245, 246, 247, 248, 253, 260, 261, 262, 265, 270, 272, 273, 274, 276, 287, 289, 290, 291, 292, 296, 305, 312], "summary": {"covered_lines": 79, "num_statements": 103, "percent_covered": 76.0, "percent_covered_display": "76.00", "missing_lines": 24, "excluded_lines": 0, "num_branches": 22, "num_partial_branches": 6, "covered_branches": 16, "missing_branches": 6}, "missing_lines": [100, 126, 127, 129, 130, 134, 173, 174, 175, 187, 188, 208, 226, 234, 235, 236, 249, 250, 251, 266, 267, 268, 294, 303], "excluded_lines": [], "executed_branches": [[97, 99], [97, 104], [99, 102], [120, 121], [168, 169], [168, 178], [204, 205], [204, 210], [205, 206], [224, 225], [224, 230], [225, 227], [265, 270], [289, 290], [290, 289], [290, 291]], "missing_branches": [[99, 100], [120, 129], [205, 208], [225, 226], [265, 266], [289, 294]], "functions": {"SettingsManager.__init__": {"executed_lines": [97, 99, 102, 104, 105, 108, 111, 112, 113], "summary": {"covered_lines": 9, "num_statements": 10, "percent_covered": 85.71428571428571, "percent_covered_display": "85.71", "missing_lines": 1, "excluded_lines": 0, "num_branches": 4, "num_partial_branches": 1, "covered_branches": 3, "missing_branches": 1}, "missing_lines": [100], "excluded_lines": [], "executed_branches": [[97, 99], [97, 104], [99, 102]], "missing_branches": [[99, 100]]}, "SettingsManager._load_default_settings": {"executed_lines": [118, 120, 121, 122, 123, 124, 125], "summary": {"covered_lines": 7, "num_statements": 11, "percent_covered": 61.53846153846154, "percent_covered_display": "61.54", "missing_lines": 4, "excluded_lines": 0, "num_branches": 2, "num_partial_branches": 1, "covered_branches": 1, "missing_branches": 1}, "missing_lines": [126, 127, 129, 130], "excluded_lines": [], "executed_branches": [[120, 121]], "missing_branches": [[120, 129]]}, "SettingsManager._get_hardcoded_defaults": {"executed_lines": [], "summary": {"covered_lines": 0, "num_statements": 1, "percent_covered": 0.0, "percent_covered_display": "0.00", "missing_lines": 1, "excluded_lines": 0, "num_branches": 0, "num_partial_branches": 0, "covered_branches": 0, "missing_branches": 0}, "missing_lines": [134], "excluded_lines": [], "executed_branches": [], "missing_branches": []}, "SettingsManager.load": {"executed_lines": [168, 169, 170, 171, 172, 178, 179], "summary": {"covered_lines": 7, "num_statements": 10, "percent_covered": 75.0, "percent_covered_display": "75.00", "missing_lines": 3, "excluded_lines": 0, "num_branches": 2, "num_partial_branches": 0, "covered_branches": 2, "missing_branches": 0}, "missing_lines": [173, 174, 175], "excluded_lines": [], "executed_branches": [[168, 169], [168, 178]], "missing_branches": []}, "SettingsManager.save": {"executed_lines": [183, 184, 185, 186], "summary": {"covered_lines": 4, "num_statements": 6, "percent_covered": 66.66666666666667, "percent_covered_display": "66.67", "missing_lines": 2, "excluded_lines": 0, "num_branches": 0, "num_partial_branches": 0, "covered_branches": 0, "missing_branches": 0}, "missing_lines": [187, 188], "excluded_lines": [], "executed_branches": [], "missing_branches": []}, "SettingsManager.get": {"executed_lines": [201, 202, 204, 205, 206, 210], "summary": {"covered_lines": 6, "num_statements": 7, "percent_covered": 81.81818181818181, "percent_covered_display": "81.82", "missing_lines": 1, "excluded_lines": 0, "num_branches": 4, "num_partial_branches": 1, "covered_branches": 3, "missing_branches": 1}, "missing_lines": [208], "excluded_lines": [], "executed_branches": [[204, 205], [204, 210], [205, 206]], "missing_branches": [[205, 208]]}, "SettingsManager.set": {"executed_lines": [220, 221, 224, 225, 227, 230], "summary": {"covered_lines": 6, "num_statements": 7, "percent_covered": 81.81818181818181, "percent_covered_display": "81.82", "missing_lines": 1, "excluded_lines": 0, "num_branches": 4, "num_partial_branches": 1, "covered_branches": 3, "missing_branches": 1}, "missing_lines": [226], "excluded_lines": [], "executed_branches": [[224, 225], [224, 230], [225, 227]], "missing_branches": [[225, 226]]}, "SettingsManager.reset": {"executed_lines": [], "summary": {"covered_lines": 0, "num_statements": 3, "percent_covered": 0.0, "percent_covered_display": "0.00", "missing_lines": 3, "excluded_lines": 0, "num_branches": 0, "num_partial_branches": 0, "covered_branches": 0, "missing_branches": 0}, "missing_lines": [234, 235, 236], "excluded_lines": [], "executed_branches": [], "missing_branches": []}, "SettingsManager.export": {"executed_lines": [245, 246, 247, 248], "summary": {"covered_lines": 4, "num_statements": 7, "percent_covered": 57.142857142857146, "percent_covered_display": "57.14", "missing_lines": 3, "excluded_lines": 0, "num_branches": 0, "num_partial_branches": 0, "covered_branches": 0, "missing_branches": 0}, "missing_lines": [249, 250, 251], "excluded_lines": [], "executed_branches": [], "missing_branches": []}, "SettingsManager.import_settings": {"executed_lines": [260, 261, 262, 265, 270, 272, 273, 274], "summary": {"covered_lines": 8, "num_statements": 11, "percent_covered": 69.23076923076923, "percent_covered_display": "69.23", "missing_lines": 3, "excluded_lines": 0, "num_branches": 2, "num_partial_branches": 1, "covered_branches": 1, "missing_branches": 1}, "missing_lines": [266, 267, 268], "excluded_lines": [], "executed_branches": [[265, 270]], "missing_branches": [[265, 266]]}, "SettingsManager._validate_settings": {"executed_lines": [287, 289, 290, 291, 292], "summary": {"covered_lines": 5, "num_statements": 6, "percent_covered": 80.0, "percent_covered_display": "80.00", "missing_lines": 1, "excluded_lines": 0, "num_branches": 4, "num_partial_branches": 1, "covered_branches": 3, "missing_branches": 1}, "missing_lines": [294], "excluded_lines": [], "executed_branches": [[289, 290], [290, 289], [290, 291]], "missing_branches": [[289, 294]]}, "SettingsManager.get_all": {"executed_lines": [], "summary": {"covered_lines": 0, "num_statements": 1, "percent_covered": 0.0, "percent_covered_display": "0.00", "missing_lines": 1, "excluded_lines": 0, "num_branches": 0, "num_partial_branches": 0, "covered_branches": 0, "missing_branches": 0}, "missing_lines": [303], "excluded_lines": [], "executed_branches": [], "missing_branches": []}, "SettingsManager.get_config_file_path": {"executed_lines": [312], "summary": {"covered_lines": 1, "num_statements": 1, "percent_covered": 100.0, "percent_covered_display": "100.00", "missing_lines": 0, "excluded_lines": 0, "num_branches": 0, "num_partial_branches": 0, "covered_branches": 0, "missing_branches": 0}, "missing_lines": [], "excluded_lines": [], "executed_branches": [], "missing_branches": []}, "": {"executed_lines": [1, 40, 41, 42, 43, 44, 46, 48, 51, 52, 79, 81, 115, 132, 166, 181, 190, 212, 232, 238, 253, 276, 296, 305], "summary": {"covered_lines": 22, "num_statements": 22, "percent_covered": 100.0, "percent_covered_display": "100.00", "missing_lines": 0, "excluded_lines": 0, "num_branches": 0, "num_partial_branches": 0, "covered_branches": 0, "missing_branches": 0}, "missing_lines": [], "excluded_lines": [], "executed_branches": [], "missing_branches": []}}, "classes": {"SettingsManager": {"executed_lines": [97, 99, 102, 104, 105, 108, 111, 112, 113, 118, 120, 121, 122, 123, 124, 125, 168, 169, 170, 171, 172, 178, 179, 183, 184, 185, 186, 201, 202, 204, 205, 206, 210, 220, 221, 224, 225, 227, 230, 245, 246, 247, 248, 260, 261, 262, 265, 270, 272, 273, 274, 287, 289, 290, 291, 292, 312], "summary": {"covered_lines": 57, "num_statements": 81, "percent_covered": 70.87378640776699, "percent_covered_display": "70.87", "missing_lines": 24, "excluded_lines": 0, "num_branches": 22, "num_partial_branches": 6, "covered_branches": 16, "missing_branches": 6}, "missing_lines": [100, 126, 127, 129, 130, 134, 173, 174, 175, 187, 188, 208, 226, 234, 235, 236, 249, 250, 251, 266, 267, 268, 294, 303], "excluded_lines": [], "executed_branches": [[97, 99], [97, 104], [99, 102], [120, 121], [168, 169], [168, 178], [204, 205], [204, 210], [205, 206], [224, 225], [224, 230], [225, 227], [265, 270], [289, 290], [290, 289], [290, 291]], "missing_branches": [[99, 100], [120, 129], [205, 208], [225, 226], [265, 266], [289, 294]]}, "": {"executed_lines": [1, 40, 41, 42, 43, 44, 46, 48, 51, 52, 79, 81, 115, 132, 166, 181, 190, 212, 232, 238, 253, 276, 296, 305], "summary": {"covered_lines": 22, "num_statements": 22, "percent_covered": 100.0, "percent_covered_display": "100.00", "missing_lines": 0, "excluded_lines": 0, "num_branches": 0, "num_partial_branches": 0, "covered_branches": 0, "missing_branches": 0}, "missing_lines": [], "excluded_lines": [], "executed_branches": [], "missing_branches": []}}}, "utils/worker.py": {"executed_lines": [1, 7, 8, 9, 11, 14, 15, 34, 35, 36, 37, 40, 41, 54, 55, 58, 59, 60, 61, 63, 64, 69, 70, 71, 72, 73, 75, 77], "summary": {"covered_lines": 25, "num_statements": 25, "percent_covered": 100.0, "percent_covered_display": "100.00", "missing_lines": 0, "excluded_lines": 0, "num_branches": 0, "num_partial_branches": 0, "covered_branches": 0, "missing_branches": 0}, "missing_lines": [], "excluded_lines": [], "executed_branches": [], "missing_branches": [], "functions": {"Worker.__init__": {"executed_lines": [55, 58, 59, 60, 61], "summary": {"covered_lines": 5, "num_statements": 5, "percent_covered": 100.0, "percent_covered_display": "100.00", "missing_lines": 0, "excluded_lines": 0, "num_branches": 0, "num_partial_branches": 0, "covered_branches": 0, "missing_branches": 0}, "missing_lines": [], "excluded_lines": [], "executed_branches": [], "missing_branches": []}, "Worker.run": {"executed_lines": [69, 70, 71, 72, 73, 75, 77], "summary": {"covered_lines": 7, "num_statements": 7, "percent_covered": 100.0, "percent_covered_display": "100.00", "missing_lines": 0, "excluded_lines": 0, "num_branches": 0, "num_partial_branches": 0, "covered_branches": 0, "missing_branches": 0}, "missing_lines": [], "excluded_lines": [], "executed_branches": [], "missing_branches": []}, "": {"executed_lines": [1, 7, 8, 9, 11, 14, 15, 34, 35, 36, 37, 40, 41, 54, 63, 64], "summary": {"covered_lines": 13, "num_statements": 13, "percent_covered": 100.0, "percent_covered_display": "100.00", "missing_lines": 0, "excluded_lines": 0, "num_branches": 0, "num_partial_branches": 0, "covered_branches": 0, "missing_branches": 0}, "missing_lines": [], "excluded_lines": [], "executed_branches": [], "missing_branches": []}}, "classes": {"WorkerSignals": {"executed_lines": [], "summary": {"covered_lines": 0, "num_statements": 0, "percent_covered": 100.0, "percent_covered_display": "100.00", "missing_lines": 0, "excluded_lines": 0, "num_branches": 0, "num_partial_branches": 0, "covered_branches": 0, "missing_branches": 0}, "missing_lines": [], "excluded_lines": [], "executed_branches": [], "missing_branches": []}, "Worker": {"executed_lines": [55, 58, 59, 60, 61, 69, 70, 71, 72, 73, 75, 77], "summary": {"covered_lines": 12, "num_statements": 12, "percent_covered": 100.0, "percent_covered_display": "100.00", "missing_lines": 0, "excluded_lines": 0, "num_branches": 0, "num_partial_branches": 0, "covered_branches": 0, "missing_branches": 0}, "missing_lines": [], "excluded_lines": [], "executed_branches": [], "missing_branches": []}, "": {"executed_lines": [1, 7, 8, 9, 11, 14, 15, 34, 35, 36, 37, 40, 41, 54, 63, 64], "summary": {"covered_lines": 13, "num_statements": 13, "percent_covered": 100.0, "percent_covered_display": "100.00", "missing_lines": 0, "excluded_lines": 0, "num_branches": 0, "num_partial_branches": 0, "covered_branches": 0, "missing_branches": 0}, "missing_lines": [], "excluded_lines": [], "executed_branches": [], "missing_branches": []}}}, "version.py": {"executed_lines": [1, 6, 8, 11, 12], "summary": {"covered_lines": 4, "num_statements": 4, "percent_covered": 100.0, "percent_covered_display": "100.00", "missing_lines": 0, "excluded_lines": 0, "num_branches": 0, "num_partial_branches": 0, "covered_branches": 0, "missing_branches": 0}, "missing_lines": [], "excluded_lines": [], "executed_branches": [], "missing_branches": [], "functions": {"": {"executed_lines": [1, 6, 8, 11, 12], "summary": {"covered_lines": 4, "num_statements": 4, "percent_covered": 100.0, "percent_covered_display": "100.00", "missing_lines": 0, "excluded_lines": 0, "num_branches": 0, "num_partial_branches": 0, "covered_branches": 0, "missing_branches": 0}, "missing_lines": [], "excluded_lines": [], "executed_branches": [], "missing_branches": []}}, "classes": {"": {"executed_lines": [1, 6, 8, 11, 12], "summary": {"covered_lines": 4, "num_statements": 4, "percent_covered": 100.0, "percent_covered_display": "100.00", "missing_lines": 0, "excluded_lines": 0, "num_branches": 0, "num_partial_branches": 0, "covered_branches": 0, "missing_branches": 0}, "missing_lines": [], "excluded_lines": [], "executed_branches": [], "missing_branches": []}}}}, "totals": {"covered_lines": 3492, "num_statements": 5388, "percent_covered": 60.94170403587444, "percent_covered_display": "60.94", "missing_lines": 1896, "excluded_lines": 75, "num_branches": 1302, "num_partial_branches": 163, "covered_branches": 585, "missing_branches": 717}}
